2026-03-03T21:00:06.651Z [console][warn] Please ensure that the container has a non-static position, like 'relative', 'fixed', or 'absolute' to ensure scroll offset is calculated correctly.
2026-03-03T21:00:23.979Z [console][warn] Please ensure that the container has a non-static position, like 'relative', 'fixed', or 'absolute' to ensure scroll offset is calculated correctly.
2026-03-03T21:00:31.706Z [console][error] A tree hydrated but some attributes of the server rendered HTML didn't match the client properties. This won't be patched up. This can happen if a SSR-ed Client Component used:

- A server/client branch `if (typeof window !== 'undefined')`.
- Variable input such as `Date.now()` or `Math.random()` which changes each time it's called.
- Date formatting in a user's locale which doesn't match the server.
- External changing data without sending a snapshot of it along with the HTML.
- Invalid HTML tag nesting.

It can also happen if the client has a browser extension installed which messes with the HTML before React loaded.

%s%s https://react.dev/link/hydration-mismatch 

  ...
    <ClientPageRoot Component={function Home} searchParams={{}} params={{}}>
      <Home params={Promise} searchParams={Promise}>
        <SplashScreen>
        <Header>
        <Hero>
        <VisionScroll data-orchids-id="src/app/pa..." data-orchids-name="VisionScroll">
          <section data-orchids-id="src/compon..." data-orchids-name="section" ref={{current:null}} ...>
            <div data-orchids-id="src/compon..." data-orchids-name="div" className="sticky top...">
              <div>
              <Scene1 data-orchids-id="src/compon..." data-orchids-name="Scene1" progress={{...}}>
                <motion.div data-orchids-id="src/compon..." data-orchids-name="motion.div" style={{opacity:{...}, ...}} ...>
                  <div data-orchids-id="src/compon..." data-orchids-name="motion.div" className="absolute i..." ...>
                    <svg data-orchids-id="src/compon..." data-orchids-name="svg" className="nature-svg..." ...>
                      <motion.circle>
                      <motion.circle>
                      <motion.circle>
                      <motion.circle>
                      <motion.circle data-orchids-id="src/compon..." data-orchids-name="motion.circle" ...>
                        <circle
                          data-orchids-id="src/components/sections/VisionS...
2026-03-03T21:00:31.716Z [console][warn] Please ensure that the container has a non-static position, like 'relative', 'fixed', or 'absolute' to ensure scroll offset is calculated correctly.
2026-03-03T21:00:32.248Z [network][POST 200] /__nextjs_original-stack-frames
  request: {"frames":[{"file":"file:///home/user/app/.next/static/chunks/45749_next_dist_client_9dc14bf5._.js","methodName":"createConsoleError","arguments":[],"lineNumber":882,"column":71},{"file":"file:///home/user/app/.next/static/chunks/45749_next_dist_client_9dc14bf5._.js","methodName":"handleConsoleError","arguments":[],"lineNumber":1058,"column":54},{"file":"file:///home/user/app/.next/static/chunks/45749_next_dist_client_9dc14bf5._.js","methodName":"console.error","arguments":[],"lineNumber":1223,"column":57},{"file":"file:///home/user/app/.next/static/chunks/45749_next_dist_compiled_19d9bb24._.js","methodName":"<unknown>","arguments":[],"lineNumber":5153,"column":25},{"file":"file:///home/user/app/.next/static/chunks/45749_next_dist_compiled_19d9bb24._.js","methodName":"runWithFiberInDEV","arguments":[],"lineNumber":3073,"column":74},{"file":"file:///home/user/app/.next/static/chunks/45749_next_dist_compiled_19d9bb24._.js","methodName":"emitPendingHydrationWarnings","arguments":[],"lineNumber":5152,"column":13},{"file":"file:///home/user/app/.next/static/chunks/45749_next_dist_compiled_19d9bb24._.js","methodName":"completeWork","arguments":[],"lineNumber":8331,"column":102},{"file":"file:///home/user/app/.next/static/chunks/45749_next_dist_compiled_19d9bb24._.js","methodName":"runWithFiberInDEV","arguments":[],"lineNumber":3073,"column":131},{"file":"file:///home/user/app/.next/static/chunks/45749_next_dist_compiled_19d9bb24._.js","methodName":"completeUnitOfWork","arguments":[],"lineNumber":10308,"column":23},{"file":"file:///home/user/app/.next/static/chunks/45749_next_dist_compiled_19d9bb24._.js","methodName":"performUnitOfWork","arguments":[],"lineNumber":10245,"column":28},{"file":"file:///home/user/app/.next/static/chunks/45749_next_dist_compiled_19d9bb24._.js","methodName":"workLoopConcurrentByScheduler","arguments":[],"lineNumber":10239,"column":58},{"file":"file:///home/user/app/.next/static/chunks/45749_next_dist_compiled_19d9bb24._.js","methodName":"renderR... [truncated]
  response: [{"status":"fulfilled","value":{"originalStackFrame":{"arguments":[],"column":35,"file":"node_modules/next/src/client/components/errors/console-error.ts","ignored":true,"lineNumber":18,"methodName":"createConsoleError"},"originalCodeFrame":null}},{"status":"fulfilled","value":{"originalStackFrame":{"arguments":[],"column":31,"file":"node_modules/next/src/client/components/errors/use-error-handler.ts","ignored":true,"lineNumber":30,"methodName":"handleConsoleError"},"originalCodeFrame":null}},{"status":"fulfilled","value":{"originalStackFrame":{"arguments":[],"column":27,"file":"node_modules/next/src/client/components/globals/intercept-console-error.ts","ignored":true,"lineNumber":32,"methodName":"console.error"},"originalCodeFrame":null}},{"status":"fulfilled","value":{"originalStackFrame":{"arguments":[],"column":19,"file":"node_modules/next/dist/compiled/react-dom/cjs/react-dom-client.development.js","ignored":true,"lineNumber":4625,"methodName":"<unknown>"},"originalCodeFrame":null}},{"status":"fulfilled","value":{"originalStackFrame":{"arguments":[],"column":30,"file":"node_modules/next/dist/compiled/react-dom/cjs/react-dom-client.development.js","ignored":true,"lineNumber":844,"methodName":"runWithFiberInDEV"},"originalCodeFrame":null}},{"status":"fulfilled","value":{"originalStackFrame":{"arguments":[],"column":9,"file":"node_modules/next/dist/compiled/react-dom/cjs/react-dom-client.development.js","ignored":true,"lineNumber":4624,"methodName":"emitPendingHydrationWarnings"},"originalCodeFrame":null}},{"status":"fulfilled","value":{"originalStackFrame":{"arguments":[],"column":18,"file":"node_modules/next/dist/compiled/react-dom/cjs/react-dom-client.development.js","ignored":true,"lineNumber":11256,"methodName":"completeWork"},"originalCodeFrame":null}},{"status":"fulfilled","value":{"originalStackFrame":{"arguments":[],"column":13,"file":"node_modules/next/dist/compiled/react-dom/cjs/react-dom-client.development.js","ignored":true,"lineNumber":847,"methodName... [truncated]
2026-03-03T21:00:32.249Z [network][POST 200] /__nextjs_original-stack-frames
  request: {"frames":[{"file":"file:///home/user/app/.next/static/chunks/45749_next_dist_client_9dc14bf5._.js","methodName":"createConsoleError","arguments":[],"lineNumber":882,"column":71},{"file":"file:///home/user/app/.next/static/chunks/45749_next_dist_client_9dc14bf5._.js","methodName":"handleConsoleError","arguments":[],"lineNumber":1058,"column":54},{"file":"file:///home/user/app/.next/static/chunks/45749_next_dist_client_9dc14bf5._.js","methodName":"console.error","arguments":[],"lineNumber":1223,"column":57},{"file":"file:///home/user/app/.next/static/chunks/45749_next_dist_compiled_19d9bb24._.js","methodName":"<unknown>","arguments":[],"lineNumber":5153,"column":25},{"file":"file:///home/user/app/.next/static/chunks/45749_next_dist_compiled_19d9bb24._.js","methodName":"runWithFiberInDEV","arguments":[],"lineNumber":3073,"column":74},{"file":"file:///home/user/app/.next/static/chunks/45749_next_dist_compiled_19d9bb24._.js","methodName":"emitPendingHydrationWarnings","arguments":[],"lineNumber":5152,"column":13},{"file":"file:///home/user/app/.next/static/chunks/45749_next_dist_compiled_19d9bb24._.js","methodName":"completeWork","arguments":[],"lineNumber":8331,"column":102},{"file":"file:///home/user/app/.next/static/chunks/45749_next_dist_compiled_19d9bb24._.js","methodName":"runWithFiberInDEV","arguments":[],"lineNumber":3073,"column":131},{"file":"file:///home/user/app/.next/static/chunks/45749_next_dist_compiled_19d9bb24._.js","methodName":"completeUnitOfWork","arguments":[],"lineNumber":10308,"column":23},{"file":"file:///home/user/app/.next/static/chunks/45749_next_dist_compiled_19d9bb24._.js","methodName":"performUnitOfWork","arguments":[],"lineNumber":10245,"column":28},{"file":"file:///home/user/app/.next/static/chunks/45749_next_dist_compiled_19d9bb24._.js","methodName":"workLoopConcurrentByScheduler","arguments":[],"lineNumber":10239,"column":58},{"file":"file:///home/user/app/.next/static/chunks/45749_next_dist_compiled_19d9bb24._.js","methodName":"renderR... [truncated]
  response: [{"status":"fulfilled","value":{"originalStackFrame":{"arguments":[],"column":35,"file":"node_modules/next/src/client/components/errors/console-error.ts","ignored":true,"lineNumber":18,"methodName":"createConsoleError"},"originalCodeFrame":null}},{"status":"fulfilled","value":{"originalStackFrame":{"arguments":[],"column":31,"file":"node_modules/next/src/client/components/errors/use-error-handler.ts","ignored":true,"lineNumber":30,"methodName":"handleConsoleError"},"originalCodeFrame":null}},{"status":"fulfilled","value":{"originalStackFrame":{"arguments":[],"column":27,"file":"node_modules/next/src/client/components/globals/intercept-console-error.ts","ignored":true,"lineNumber":32,"methodName":"console.error"},"originalCodeFrame":null}},{"status":"fulfilled","value":{"originalStackFrame":{"arguments":[],"column":19,"file":"node_modules/next/dist/compiled/react-dom/cjs/react-dom-client.development.js","ignored":true,"lineNumber":4625,"methodName":"<unknown>"},"originalCodeFrame":null}},{"status":"fulfilled","value":{"originalStackFrame":{"arguments":[],"column":30,"file":"node_modules/next/dist/compiled/react-dom/cjs/react-dom-client.development.js","ignored":true,"lineNumber":844,"methodName":"runWithFiberInDEV"},"originalCodeFrame":null}},{"status":"fulfilled","value":{"originalStackFrame":{"arguments":[],"column":9,"file":"node_modules/next/dist/compiled/react-dom/cjs/react-dom-client.development.js","ignored":true,"lineNumber":4624,"methodName":"emitPendingHydrationWarnings"},"originalCodeFrame":null}},{"status":"fulfilled","value":{"originalStackFrame":{"arguments":[],"column":18,"file":"node_modules/next/dist/compiled/react-dom/cjs/react-dom-client.development.js","ignored":true,"lineNumber":11256,"methodName":"completeWork"},"originalCodeFrame":null}},{"status":"fulfilled","value":{"originalStackFrame":{"arguments":[],"column":13,"file":"node_modules/next/dist/compiled/react-dom/cjs/react-dom-client.development.js","ignored":true,"lineNumber":847,"methodName... [truncated]
