[2026-03-04 06:19:00.126] [global] [error] [cache.cc:884] [monitor] [trufflehog:lint:.trunk\tmp\trunk\2ai2rn4\.trunk\tmp\trunk\slnqr5k\.trunk\tmp\trunk\6jxkpdh\.trunk\tmp\trunk\3wvvpgl\tsc_utf8.log... (6 files):HEAD] Unable to read last_write_time on F:\585\elitepro\.trunk\tmp\trunk\slnqr5k\.trunk\tmp\trunk\6jxkpdh\.trunk\tmp\trunk\pvs2dk1\.trunk\tmp\trunk\2by2jzy\.trunk\tmp\trunk\3wvvpgl\tsc_utf8.log: The system cannot find the path specified.
[2026-03-04 06:19:00.531] [global] [info] [git_source_control.cc:517] Computing merge base between 6a139687cedba4608bd48579f177e68c16f74ae9 and 6a139687cedba4608bd48579f177e68c16f74ae9
[2026-03-04 06:19:00.531] [global] [info] [git_source_control.cc:519] Resolved divergent commit as 6a139687cedba4608bd48579f177e68c16f74ae9
[2026-03-04 06:19:00.571] [global] [info] [cache.cc:974] [monitor] [trufflehog:lint:.trunk\tmp\trunk\hfmthvg\.trunk\tmp\trunk\wq6hthi\.trunk\tmp\trunk\wl6fw3w\.trunk\tmp\trunk\2ai2rn4\.trunk\tmp\trunk\slnqr5k\.trunk\tmp\trunk\6jxkpdh\.trunk\tmp\trunk\3wvvpgl\tsc_utf8.log:HEAD] running linter (cache-key:102fdd8f9e1d673093b058ed0cd5a3bb)
[2026-03-04 06:19:00.571] [global] [info] [cache.cc:974] [monitor] [trufflehog:lint:.trunk\tmp\trunk\hfmthvg\.trunk\tmp\trunk\wq6hthi\.trunk\tmp\trunk\wl6fw3w\.trunk\tmp\trunk\2ai2rn4\.trunk\tmp\trunk\slnqr5k\.trunk\tmp\trunk\6jxkpdh\.trunk\tmp\trunk\pvs2dk1\.trunk\tmp\trunk\2by2jzy\.trunk\tmp\trunk\3wvvpgl\tsc_utf8.log:HEAD] running linter (cache-key:e191cf828bf8b1a2c25f5f4097302fdb)
[2026-03-04 06:19:01.108] [global] [info] [git_source_control.cc:517] Computing merge base between 6a139687cedba4608bd48579f177e68c16f74ae9 and 6a139687cedba4608bd48579f177e68c16f74ae9
[2026-03-04 06:19:01.108] [global] [info] [git_source_control.cc:519] Resolved divergent commit as 6a139687cedba4608bd48579f177e68c16f74ae9
[2026-03-04 06:19:01.144] [global] [info] [cache.cc:974] [monitor] [trufflehog:lint:.trunk\tmp\trunk\hfmthvg\.trunk\tmp\trunk\wq6hthi\.trunk\tmp\trunk\wl6fw3w\.trunk\tmp\trunk\2ai2rn4\.trunk\tmp\trunk\slnqr5k\.trunk\tmp\trunk\6jxkpdh\.trunk\tmp\trunk\3wvvpgl\tsc_utf8.log:HEAD] running linter (cache-key:102fdd8f9e1d673093b058ed0cd5a3bb)
[2026-03-04 06:19:01.145] [global] [info] [cache.cc:974] [monitor] [trufflehog:lint:.trunk\tmp\trunk\hfmthvg\.trunk\tmp\trunk\wq6hthi\.trunk\tmp\trunk\wl6fw3w\.trunk\tmp\trunk\2ai2rn4\.trunk\tmp\trunk\slnqr5k\.trunk\tmp\trunk\6jxkpdh\.trunk\tmp\trunk\pvs2dk1\.trunk\tmp\trunk\2by2jzy\.trunk\tmp\trunk\3wvvpgl\tsc_utf8.log:HEAD] running linter (cache-key:e191cf828bf8b1a2c25f5f4097302fdb)
[2026-03-04 06:19:01.158] [global] [info] [auto_delete_dir.cc:25] Error cleaning up auto delete directory: F:\585\elitepro\.trunk\tmp\trunk\3kappz4\.trunk\tmp\trunk\hfmthvg\.trunk\tmp\trunk, message: The directory is not empty.
[2026-03-04 06:19:01.158] [global] [info] [auto_delete_dir.cc:25] Error cleaning up auto delete directory: F:\585\elitepro\.trunk\tmp\trunk\3kappz4\.trunk\tmp\trunk\hfmthvg\.trunk\tmp, message: The directory is not empty.
[2026-03-04 06:19:01.158] [global] [info] [auto_delete_dir.cc:25] Error cleaning up auto delete directory: F:\585\elitepro\.trunk\tmp\trunk\3kappz4\.trunk\tmp\trunk\hfmthvg\.trunk, message: The directory is not empty.
[2026-03-04 06:19:01.158] [global] [info] [auto_delete_dir.cc:25] Error cleaning up auto delete directory: F:\585\elitepro\.trunk\tmp\trunk\3kappz4\.trunk\tmp\trunk\hfmthvg, message: The directory is not empty.
[2026-03-04 06:19:01.158] [global] [info] [auto_delete_dir.cc:25] Error cleaning up auto delete directory: F:\585\elitepro\.trunk\tmp\trunk\3kappz4\.trunk\tmp\trunk, message: The directory is not empty.
[2026-03-04 06:19:01.159] [global] [info] [auto_delete_dir.cc:25] Error cleaning up auto delete directory: F:\585\elitepro\.trunk\tmp\trunk\3kappz4\.trunk\tmp, message: The directory is not empty.
[2026-03-04 06:19:01.159] [global] [info] [auto_delete_dir.cc:25] Error cleaning up auto delete directory: F:\585\elitepro\.trunk\tmp\trunk\3kappz4\.trunk, message: The directory is not empty.
[2026-03-04 06:19:01.159] [global] [info] [auto_delete_dir.cc:25] Error cleaning up auto delete directory: F:\585\elitepro\.trunk\tmp\trunk\3kappz4, message: The directory is not empty.
[2026-03-04 06:19:01.436] [global] [warning] [resolve_binary.cc:46] is_regular_file check failed for for C:\Users\Firash\AppData\Local\trunk\tools\trufflehog\3.93.6-cf1a5ee81c4cba891cb0c9398625fa18/bin\python3.bat // 3:The system cannot find the path specified.
[2026-03-04 06:19:01.436] [global] [warning] [resolve_binary.cc:46] is_regular_file check failed for for C:\Users\Firash\AppData\Local\trunk\tools\trufflehog\3.93.6-cf1a5ee81c4cba891cb0c9398625fa18/bin\python3 // 3:The system cannot find the path specified.
[2026-03-04 06:19:01.436] [global] [warning] [resolve_binary.cc:46] is_regular_file check failed for for C:\Users\Firash\AppData\Local\trunk\tools\trufflehog\3.93.6-cf1a5ee81c4cba891cb0c9398625fa18/bin\python3.exe // 3:The system cannot find the path specified.
[2026-03-04 06:19:01.436] [global] [warning] [resolve_binary.cc:46] is_regular_file check failed for for C:\Users\Firash\AppData\Local\trunk\tools\trufflehog\3.93.6-cf1a5ee81c4cba891cb0c9398625fa18/Scripts\python3.bat // 3:The system cannot find the path specified.
[2026-03-04 06:19:01.436] [global] [warning] [resolve_binary.cc:46] is_regular_file check failed for for C:\Users\Firash\AppData\Local\trunk\tools\trufflehog\3.93.6-cf1a5ee81c4cba891cb0c9398625fa18/Scripts\python3 // 3:The system cannot find the path specified.
[2026-03-04 06:19:01.436] [global] [warning] [resolve_binary.cc:46] is_regular_file check failed for for C:\Users\Firash\AppData\Local\trunk\tools\trufflehog\3.93.6-cf1a5ee81c4cba891cb0c9398625fa18/Scripts\python3.exe // 3:The system cannot find the path specified.
[2026-03-04 06:19:01.436] [global] [warning] [resolve_binary.cc:46] is_regular_file check failed for for C:\Users\Firash\AppData\Local\trunk\tools\python\3.10.8-2211cb108575de2785d77a26a1f8d070/bin\python3.bat // 3:The system cannot find the path specified.
[2026-03-04 06:19:01.436] [global] [warning] [resolve_binary.cc:46] is_regular_file check failed for for C:\Users\Firash\AppData\Local\trunk\tools\python\3.10.8-2211cb108575de2785d77a26a1f8d070/bin\python3 // 3:The system cannot find the path specified.
[2026-03-04 06:19:01.436] [global] [warning] [resolve_binary.cc:46] is_regular_file check failed for for C:\Users\Firash\AppData\Local\trunk\tools\python\3.10.8-2211cb108575de2785d77a26a1f8d070/bin\python3.exe // 3:The system cannot find the path specified.
[2026-03-04 06:19:01.477] [global] [info] [cache.cc:1117] [monitor] [trufflehog:lint:.trunk\tmp\trunk\wq6hthi\.trunk\tmp\trunk\wl6fw3w\.trunk\tmp\trunk\2ai2rn4\.trunk\tmp\trunk\slnqr5k\.trunk\tmp\trunk\6jxkpdh\.trunk\tmp\trunk\3wvvpgl\tsc_utf8.log... (2 files):HEAD] Linter ran in 2855ms
[2026-03-04 06:19:01.484] [global] [error] [cache.cc:884] [monitor] [trufflehog:lint:.trunk\tmp\trunk\wq6hthi\.trunk\tmp\trunk\wl6fw3w\.trunk\tmp\trunk\2ai2rn4\.trunk\tmp\trunk\slnqr5k\.trunk\tmp\trunk\6jxkpdh\.trunk\tmp\trunk\3wvvpgl\tsc_utf8.log... (2 files):HEAD] Unable to read last_write_time on F:\585\elitepro\.trunk\tmp\trunk\wq6hthi\.trunk\tmp\trunk\wl6fw3w\.trunk\tmp\trunk\2ai2rn4\.trunk\tmp\trunk\slnqr5k\.trunk\tmp\trunk\6jxkpdh\.trunk\tmp\trunk\3wvvpgl\tsc_utf8.log: The system cannot find the path specified.
[2026-03-04 06:19:01.484] [global] [error] [cache.cc:884] [monitor] [trufflehog:lint:.trunk\tmp\trunk\wq6hthi\.trunk\tmp\trunk\wl6fw3w\.trunk\tmp\trunk\2ai2rn4\.trunk\tmp\trunk\slnqr5k\.trunk\tmp\trunk\6jxkpdh\.trunk\tmp\trunk\3wvvpgl\tsc_utf8.log... (2 files):HEAD] Unable to read last_write_time on F:\585\elitepro\.trunk\tmp\trunk\wq6hthi\.trunk\tmp\trunk\wl6fw3w\.trunk\tmp\trunk\2ai2rn4\.trunk\tmp\trunk\slnqr5k\.trunk\tmp\trunk\6jxkpdh\.trunk\tmp\trunk\pvs2dk1\.trunk\tmp\trunk\2by2jzy\.trunk\tmp\trunk\3wvvpgl\tsc_utf8.log: The system cannot find the path specified.
[2026-03-04 06:19:02.011] [global] [info] [git_source_control.cc:517] Computing merge base between 6a139687cedba4608bd48579f177e68c16f74ae9 and 6a139687cedba4608bd48579f177e68c16f74ae9
[2026-03-04 06:19:02.011] [global] [info] [git_source_control.cc:519] Resolved divergent commit as 6a139687cedba4608bd48579f177e68c16f74ae9
[2026-03-04 06:19:04.256] [global] [info] [git_source_control.cc:517] Computing merge base between 6a139687cedba4608bd48579f177e68c16f74ae9 and 6a139687cedba4608bd48579f177e68c16f74ae9
[2026-03-04 06:19:04.256] [global] [info] [git_source_control.cc:519] Resolved divergent commit as 6a139687cedba4608bd48579f177e68c16f74ae9
[2026-03-04 06:19:23.067] [global] [info] [git_source_control.cc:517] Computing merge base between 6a139687cedba4608bd48579f177e68c16f74ae9 and 6a139687cedba4608bd48579f177e68c16f74ae9
[2026-03-04 06:19:23.067] [global] [info] [git_source_control.cc:519] Resolved divergent commit as 6a139687cedba4608bd48579f177e68c16f74ae9
[2026-03-04 06:19:23.099] [global] [info] [cache.cc:974] [monitor] [trufflehog:lint:src\lib\utils.ts:HEAD] running linter (cache-key:8526d10a72513bd5b5e993e948a927b3)
[2026-03-04 06:19:23.631] [global] [info] [git_source_control.cc:517] Computing merge base between 6a139687cedba4608bd48579f177e68c16f74ae9 and 6a139687cedba4608bd48579f177e68c16f74ae9
[2026-03-04 06:19:23.631] [global] [info] [git_source_control.cc:519] Resolved divergent commit as 6a139687cedba4608bd48579f177e68c16f74ae9
[2026-03-04 06:19:23.657] [global] [info] [cache.cc:974] [monitor] [trufflehog:lint:.trunk\tmp\trunk\uhfi52t\src\lib\utils.ts:HEAD] running linter (cache-key:ccaf21af1ef9f244db25ea6d21d5109c)
[2026-03-04 06:19:24.190] [global] [info] [git_source_control.cc:517] Computing merge base between 6a139687cedba4608bd48579f177e68c16f74ae9 and 6a139687cedba4608bd48579f177e68c16f74ae9
[2026-03-04 06:19:24.190] [global] [info] [git_source_control.cc:519] Resolved divergent commit as 6a139687cedba4608bd48579f177e68c16f74ae9
[2026-03-04 06:19:24.228] [global] [info] [cache.cc:974] [monitor] [trufflehog:lint:.trunk\tmp\trunk\3hv5n13\.trunk\tmp\trunk\uhfi52t\src\lib\utils.ts:HEAD] running linter (cache-key:cf27be986b54947d34bb7845736a5ea4)
[2026-03-04 06:19:24.228] [global] [info] [cache.cc:959] [monitor] [trufflehog:lint:.trunk\tmp\trunk\uhfi52t\src\lib\utils.ts:HEAD] linting in progress, waiting (cache-key:ccaf21af1ef9f244db25ea6d21d5109c)
[2026-03-04 06:19:25.508] [global] [info] [git_source_control.cc:517] Computing merge base between 6a139687cedba4608bd48579f177e68c16f74ae9 and 6a139687cedba4608bd48579f177e68c16f74ae9
[2026-03-04 06:19:25.508] [global] [info] [git_source_control.cc:519] Resolved divergent commit as 6a139687cedba4608bd48579f177e68c16f74ae9
[2026-03-04 06:19:25.560] [global] [info] [cache.cc:974] [monitor] [trufflehog:lint:.trunk\tmp\trunk\emxqwa6\.trunk\tmp\trunk\3hv5n13\.trunk\tmp\trunk\uhfi52t\src\lib\utils.ts:HEAD] running linter (cache-key:62d8a81e5c3fc3d0f666232a1af957cd)
[2026-03-04 06:19:25.560] [global] [info] [cache.cc:974] [monitor] [trufflehog:lint:.trunk\tmp\trunk\uhfi52t\src\lib\utils.ts:HEAD] running linter (cache-key:ccaf21af1ef9f244db25ea6d21d5109c)
[2026-03-04 06:19:25.560] [global] [info] [cache.cc:974] [monitor] [trufflehog:lint:src\components\ErrorReporter.tsx:HEAD] running linter (cache-key:93e6833c13b703dff5d3543bb12c5a74)
[2026-03-04 06:19:26.085] [global] [info] [git_source_control.cc:517] Computing merge base between 6a139687cedba4608bd48579f177e68c16f74ae9 and 6a139687cedba4608bd48579f177e68c16f74ae9
[2026-03-04 06:19:26.085] [global] [info] [git_source_control.cc:519] Resolved divergent commit as 6a139687cedba4608bd48579f177e68c16f74ae9
[2026-03-04 06:19:26.167] [global] [info] [cache.cc:974] [monitor] [trufflehog:lint:.trunk\tmp\trunk\cnbacu1\.trunk\tmp\trunk\emxqwa6\.trunk\tmp\trunk\3hv5n13\.trunk\tmp\trunk\uhfi52t\src\lib\utils.ts:HEAD] running linter (cache-key:bb8baa3dd985430e3fb8412e99a94702)
[2026-03-04 06:19:26.167] [global] [info] [cache.cc:974] [monitor] [trufflehog:lint:.trunk\tmp\trunk\cnbacu1\.trunk\tmp\trunk\uhfi52t\src\lib\utils.ts:HEAD] running linter (cache-key:5f51307f951d47c10fd2ffade22a9719)
[2026-03-04 06:19:26.167] [global] [info] [cache.cc:974] [monitor] [trufflehog:lint:.trunk\tmp\trunk\cnbacu1\src\components\ErrorReporter.tsx:HEAD] running linter (cache-key:663c57fd6a19f46569234fd7ebcfd38a)
[2026-03-04 06:19:26.167] [global] [info] [cache.cc:959] [monitor] [trufflehog:lint:.trunk\tmp\trunk\emxqwa6\.trunk\tmp\trunk\3hv5n13\.trunk\tmp\trunk\uhfi52t\src\lib\utils.ts:HEAD] linting in progress, waiting (cache-key:62d8a81e5c3fc3d0f666232a1af957cd)
[2026-03-04 06:19:26.167] [global] [info] [cache.cc:959] [monitor] [trufflehog:lint:.trunk\tmp\trunk\uhfi52t\src\lib\utils.ts:HEAD] linting in progress, waiting (cache-key:ccaf21af1ef9f244db25ea6d21d5109c)
[2026-03-04 06:19:26.408] [global] [warning] [resolve_binary.cc:46] is_regular_file check failed for for C:\Users\Firash\AppData\Local\trunk\tools\trufflehog\3.93.6-cf1a5ee81c4cba891cb0c9398625fa18/bin\python3.bat // 3:The system cannot find the path specified.
[2026-03-04 06:19:26.408] [global] [warning] [resolve_binary.cc:46] is_regular_file check failed for for C:\Users\Firash\AppData\Local\trunk\tools\trufflehog\3.93.6-cf1a5ee81c4cba891cb0c9398625fa18/bin\python3 // 3:The system cannot find the path specified.
[2026-03-04 06:19:26.408] [global] [warning] [resolve_binary.cc:46] is_regular_file check failed for for C:\Users\Firash\AppData\Local\trunk\tools\trufflehog\3.93.6-cf1a5ee81c4cba891cb0c9398625fa18/bin\python3.exe // 3:The system cannot find the path specified.
[2026-03-04 06:19:26.408] [global] [warning] [resolve_binary.cc:46] is_regular_file check failed for for C:\Users\Firash\AppData\Local\trunk\tools\trufflehog\3.93.6-cf1a5ee81c4cba891cb0c9398625fa18/Scripts\python3.bat // 3:The system cannot find the path specified.
[2026-03-04 06:19:26.408] [global] [warning] [resolve_binary.cc:46] is_regular_file check failed for for C:\Users\Firash\AppData\Local\trunk\tools\trufflehog\3.93.6-cf1a5ee81c4cba891cb0c9398625fa18/Scripts\python3 // 3:The system cannot find the path specified.
[2026-03-04 06:19:26.408] [global] [warning] [resolve_binary.cc:46] is_regular_file check failed for for C:\Users\Firash\AppData\Local\trunk\tools\trufflehog\3.93.6-cf1a5ee81c4cba891cb0c9398625fa18/Scripts\python3.exe // 3:The system cannot find the path specified.
[2026-03-04 06:19:26.408] [global] [warning] [resolve_binary.cc:46] is_regular_file check failed for for C:\Users\Firash\AppData\Local\trunk\tools\python\3.10.8-2211cb108575de2785d77a26a1f8d070/bin\python3.bat // 3:The system cannot find the path specified.
[2026-03-04 06:19:26.408] [global] [warning] [resolve_binary.cc:46] is_regular_file check failed for for C:\Users\Firash\AppData\Local\trunk\tools\python\3.10.8-2211cb108575de2785d77a26a1f8d070/bin\python3 // 3:The system cannot find the path specified.
[2026-03-04 06:19:26.408] [global] [warning] [resolve_binary.cc:46] is_regular_file check failed for for C:\Users\Firash\AppData\Local\trunk\tools\python\3.10.8-2211cb108575de2785d77a26a1f8d070/bin\python3.exe // 3:The system cannot find the path specified.
[2026-03-04 06:19:26.418] [global] [warning] [resolve_binary.cc:46] is_regular_file check failed for for C:\Users\Firash\AppData\Local\trunk\tools\trufflehog\3.93.6-cf1a5ee81c4cba891cb0c9398625fa18/bin\python3.bat // 3:The system cannot find the path specified.
[2026-03-04 06:19:26.418] [global] [warning] [resolve_binary.cc:46] is_regular_file check failed for for C:\Users\Firash\AppData\Local\trunk\tools\trufflehog\3.93.6-cf1a5ee81c4cba891cb0c9398625fa18/bin\python3 // 3:The system cannot find the path specified.
[2026-03-04 06:19:26.418] [global] [warning] [resolve_binary.cc:46] is_regular_file check failed for for C:\Users\Firash\AppData\Local\trunk\tools\trufflehog\3.93.6-cf1a5ee81c4cba891cb0c9398625fa18/bin\python3.exe // 3:The system cannot find the path specified.
[2026-03-04 06:19:26.418] [global] [warning] [resolve_binary.cc:46] is_regular_file check failed for for C:\Users\Firash\AppData\Local\trunk\tools\trufflehog\3.93.6-cf1a5ee81c4cba891cb0c9398625fa18/Scripts\python3.bat // 3:The system cannot find the path specified.
[2026-03-04 06:19:26.418] [global] [warning] [resolve_binary.cc:46] is_regular_file check failed for for C:\Users\Firash\AppData\Local\trunk\tools\trufflehog\3.93.6-cf1a5ee81c4cba891cb0c9398625fa18/Scripts\python3 // 3:The system cannot find the path specified.
[2026-03-04 06:19:26.418] [global] [warning] [resolve_binary.cc:46] is_regular_file check failed for for C:\Users\Firash\AppData\Local\trunk\tools\trufflehog\3.93.6-cf1a5ee81c4cba891cb0c9398625fa18/Scripts\python3.exe // 3:The system cannot find the path specified.
[2026-03-04 06:19:26.418] [global] [warning] [resolve_binary.cc:46] is_regular_file check failed for for C:\Users\Firash\AppData\Local\trunk\tools\python\3.10.8-2211cb108575de2785d77a26a1f8d070/bin\python3.bat // 3:The system cannot find the path specified.
[2026-03-04 06:19:26.418] [global] [warning] [resolve_binary.cc:46] is_regular_file check failed for for C:\Users\Firash\AppData\Local\trunk\tools\python\3.10.8-2211cb108575de2785d77a26a1f8d070/bin\python3 // 3:The system cannot find the path specified.
[2026-03-04 06:19:26.418] [global] [warning] [resolve_binary.cc:46] is_regular_file check failed for for C:\Users\Firash\AppData\Local\trunk\tools\python\3.10.8-2211cb108575de2785d77a26a1f8d070/bin\python3.exe // 3:The system cannot find the path specified.
[2026-03-04 06:19:26.483] [global] [info] [cache.cc:1117] [monitor] [trufflehog:lint:src\lib\utils.ts:HEAD] Linter ran in 3382ms
[2026-03-04 06:19:26.524] [global] [info] [cache.cc:1117] [monitor] [trufflehog:lint:.trunk\tmp\trunk\3hv5n13\.trunk\tmp\trunk\uhfi52t\src\lib\utils.ts... (2 files):HEAD] Linter ran in 2292ms
[2026-03-04 06:19:26.527] [global] [error] [cache.cc:884] [monitor] [trufflehog:lint:.trunk\tmp\trunk\3hv5n13\.trunk\tmp\trunk\uhfi52t\src\lib\utils.ts... (2 files):HEAD] Unable to read last_write_time on F:\585\elitepro\.trunk\tmp\trunk\3hv5n13\.trunk\tmp\trunk\uhfi52t\src\lib\utils.ts: The system cannot find the path specified.
[2026-03-04 06:19:27.043] [global] [info] [git_source_control.cc:517] Computing merge base between 6a139687cedba4608bd48579f177e68c16f74ae9 and 6a139687cedba4608bd48579f177e68c16f74ae9
[2026-03-04 06:19:27.043] [global] [info] [git_source_control.cc:519] Resolved divergent commit as 6a139687cedba4608bd48579f177e68c16f74ae9
[2026-03-04 06:19:27.116] [global] [info] [cache.cc:959] [monitor] [trufflehog:lint:.trunk\tmp\trunk\cnbacu1\.trunk\tmp\trunk\emxqwa6\.trunk\tmp\trunk\3hv5n13\.trunk\tmp\trunk\uhfi52t\src\lib\utils.ts:HEAD] linting in progress, waiting (cache-key:bb8baa3dd985430e3fb8412e99a94702)
[2026-03-04 06:19:27.116] [global] [info] [cache.cc:959] [monitor] [trufflehog:lint:.trunk\tmp\trunk\cnbacu1\.trunk\tmp\trunk\uhfi52t\src\lib\utils.ts:HEAD] linting in progress, waiting (cache-key:5f51307f951d47c10fd2ffade22a9719)
[2026-03-04 06:19:27.116] [global] [info] [cache.cc:959] [monitor] [trufflehog:lint:.trunk\tmp\trunk\cnbacu1\src\components\ErrorReporter.tsx:HEAD] linting in progress, waiting (cache-key:663c57fd6a19f46569234fd7ebcfd38a)
[2026-03-04 06:19:27.116] [global] [info] [cache.cc:974] [monitor] [trufflehog:lint:.trunk\tmp\trunk\i54h6vk\.trunk\tmp\trunk\cnbacu1\.trunk\tmp\trunk\emxqwa6\.trunk\tmp\trunk\3hv5n13\.trunk\tmp\trunk\uhfi52t\src\lib\utils.ts:HEAD] running linter (cache-key:5f9b1ae5815ed48b1779977f5dbb4743)
[2026-03-04 06:19:27.116] [global] [info] [cache.cc:974] [monitor] [trufflehog:lint:.trunk\tmp\trunk\i54h6vk\.trunk\tmp\trunk\cnbacu1\.trunk\tmp\trunk\uhfi52t\src\lib\utils.ts:HEAD] running linter (cache-key:71e01dbfe58bb7e44b424054b45f0895)
[2026-03-04 06:19:27.116] [global] [info] [cache.cc:974] [monitor] [trufflehog:lint:.trunk\tmp\trunk\i54h6vk\.trunk\tmp\trunk\cnbacu1\src\components\ErrorReporter.tsx:HEAD] running linter (cache-key:be39d45fba59f093222bcc5f95c726a4)
[2026-03-04 06:19:27.537] [global] [warning] [resolve_binary.cc:46] is_regular_file check failed for for C:\Users\Firash\AppData\Local\trunk\tools\trufflehog\3.93.6-cf1a5ee81c4cba891cb0c9398625fa18/bin\python3.bat // 3:The system cannot find the path specified.
[2026-03-04 06:19:27.537] [global] [warning] [resolve_binary.cc:46] is_regular_file check failed for for C:\Users\Firash\AppData\Local\trunk\tools\trufflehog\3.93.6-cf1a5ee81c4cba891cb0c9398625fa18/bin\python3 // 3:The system cannot find the path specified.
[2026-03-04 06:19:27.537] [global] [warning] [resolve_binary.cc:46] is_regular_file check failed for for C:\Users\Firash\AppData\Local\trunk\tools\trufflehog\3.93.6-cf1a5ee81c4cba891cb0c9398625fa18/bin\python3.exe // 3:The system cannot find the path specified.
[2026-03-04 06:19:27.537] [global] [warning] [resolve_binary.cc:46] is_regular_file check failed for for C:\Users\Firash\AppData\Local\trunk\tools\trufflehog\3.93.6-cf1a5ee81c4cba891cb0c9398625fa18/Scripts\python3.bat // 3:The system cannot find the path specified.
[2026-03-04 06:19:27.537] [global] [warning] [resolve_binary.cc:46] is_regular_file check failed for for C:\Users\Firash\AppData\Local\trunk\tools\trufflehog\3.93.6-cf1a5ee81c4cba891cb0c9398625fa18/Scripts\python3 // 3:The system cannot find the path specified.
[2026-03-04 06:19:27.537] [global] [warning] [resolve_binary.cc:46] is_regular_file check failed for for C:\Users\Firash\AppData\Local\trunk\tools\trufflehog\3.93.6-cf1a5ee81c4cba891cb0c9398625fa18/Scripts\python3.exe // 3:The system cannot find the path specified.
[2026-03-04 06:19:27.537] [global] [warning] [resolve_binary.cc:46] is_regular_file check failed for for C:\Users\Firash\AppData\Local\trunk\tools\python\3.10.8-2211cb108575de2785d77a26a1f8d070/bin\python3.bat // 3:The system cannot find the path specified.
[2026-03-04 06:19:27.537] [global] [warning] [resolve_binary.cc:46] is_regular_file check failed for for C:\Users\Firash\AppData\Local\trunk\tools\python\3.10.8-2211cb108575de2785d77a26a1f8d070/bin\python3 // 3:The system cannot find the path specified.
[2026-03-04 06:19:27.537] [global] [warning] [resolve_binary.cc:46] is_regular_file check failed for for C:\Users\Firash\AppData\Local\trunk\tools\python\3.10.8-2211cb108575de2785d77a26a1f8d070/bin\python3.exe // 3:The system cannot find the path specified.
[2026-03-04 06:19:27.592] [global] [info] [cache.cc:1117] [monitor] [trufflehog:lint:.trunk\tmp\trunk\emxqwa6\.trunk\tmp\trunk\3hv5n13\.trunk\tmp\trunk\uhfi52t\src\lib\utils.ts... (3 files):HEAD] Linter ran in 2024ms
[2026-03-04 06:19:27.598] [global] [error] [cache.cc:884] [monitor] [trufflehog:lint:.trunk\tmp\trunk\emxqwa6\.trunk\tmp\trunk\3hv5n13\.trunk\tmp\trunk\uhfi52t\src\lib\utils.ts... (3 files):HEAD] Unable to read last_write_time on F:\585\elitepro\.trunk\tmp\trunk\emxqwa6\.trunk\tmp\trunk\3hv5n13\.trunk\tmp\trunk\uhfi52t\src\lib\utils.ts: The system cannot find the path specified.
[2026-03-04 06:19:27.598] [global] [error] [cache.cc:884] [monitor] [trufflehog:lint:.trunk\tmp\trunk\emxqwa6\.trunk\tmp\trunk\3hv5n13\.trunk\tmp\trunk\uhfi52t\src\lib\utils.ts... (3 files):HEAD] Unable to read last_write_time on F:\585\elitepro\.trunk\tmp\trunk\uhfi52t\src\lib\utils.ts: The system cannot find the path specified.
[2026-03-04 06:19:28.032] [global] [warning] [resolve_binary.cc:46] is_regular_file check failed for for C:\Users\Firash\AppData\Local\trunk\tools\trufflehog\3.93.6-cf1a5ee81c4cba891cb0c9398625fa18/bin\python3.bat // 3:The system cannot find the path specified.
[2026-03-04 06:19:28.032] [global] [warning] [resolve_binary.cc:46] is_regular_file check failed for for C:\Users\Firash\AppData\Local\trunk\tools\trufflehog\3.93.6-cf1a5ee81c4cba891cb0c9398625fa18/bin\python3 // 3:The system cannot find the path specified.
[2026-03-04 06:19:28.032] [global] [warning] [resolve_binary.cc:46] is_regular_file check failed for for C:\Users\Firash\AppData\Local\trunk\tools\trufflehog\3.93.6-cf1a5ee81c4cba891cb0c9398625fa18/bin\python3.exe // 3:The system cannot find the path specified.
[2026-03-04 06:19:28.032] [global] [warning] [resolve_binary.cc:46] is_regular_file check failed for for C:\Users\Firash\AppData\Local\trunk\tools\trufflehog\3.93.6-cf1a5ee81c4cba891cb0c9398625fa18/Scripts\python3.bat // 3:The system cannot find the path specified.
[2026-03-04 06:19:28.032] [global] [warning] [resolve_binary.cc:46] is_regular_file check failed for for C:\Users\Firash\AppData\Local\trunk\tools\trufflehog\3.93.6-cf1a5ee81c4cba891cb0c9398625fa18/Scripts\python3 // 3:The system cannot find the path specified.
[2026-03-04 06:19:28.032] [global] [warning] [resolve_binary.cc:46] is_regular_file check failed for for C:\Users\Firash\AppData\Local\trunk\tools\trufflehog\3.93.6-cf1a5ee81c4cba891cb0c9398625fa18/Scripts\python3.exe // 3:The system cannot find the path specified.
[2026-03-04 06:19:28.032] [global] [warning] [resolve_binary.cc:46] is_regular_file check failed for for C:\Users\Firash\AppData\Local\trunk\tools\python\3.10.8-2211cb108575de2785d77a26a1f8d070/bin\python3.bat // 3:The system cannot find the path specified.
[2026-03-04 06:19:28.032] [global] [warning] [resolve_binary.cc:46] is_regular_file check failed for for C:\Users\Firash\AppData\Local\trunk\tools\python\3.10.8-2211cb108575de2785d77a26a1f8d070/bin\python3 // 3:The system cannot find the path specified.
[2026-03-04 06:19:28.032] [global] [warning] [resolve_binary.cc:46] is_regular_file check failed for for C:\Users\Firash\AppData\Local\trunk\tools\python\3.10.8-2211cb108575de2785d77a26a1f8d070/bin\python3.exe // 3:The system cannot find the path specified.
[2026-03-04 06:19:28.078] [global] [info] [cache.cc:1117] [monitor] [trufflehog:lint:.trunk\tmp\trunk\cnbacu1\.trunk\tmp\trunk\emxqwa6\.trunk\tmp\trunk\3hv5n13\.trunk\tmp\trunk\uhfi52t\src\lib\utils.ts... (5 files):HEAD] Linter ran in 1904ms
[2026-03-04 06:19:28.085] [global] [error] [cache.cc:884] [monitor] [trufflehog:lint:.trunk\tmp\trunk\cnbacu1\.trunk\tmp\trunk\emxqwa6\.trunk\tmp\trunk\3hv5n13\.trunk\tmp\trunk\uhfi52t\src\lib\utils.ts... (5 files):HEAD] Unable to read last_write_time on F:\585\elitepro\.trunk\tmp\trunk\cnbacu1\.trunk\tmp\trunk\emxqwa6\.trunk\tmp\trunk\3hv5n13\.trunk\tmp\trunk\uhfi52t\src\lib\utils.ts: The system cannot find the path specified.
[2026-03-04 06:19:28.085] [global] [error] [cache.cc:884] [monitor] [trufflehog:lint:.trunk\tmp\trunk\cnbacu1\.trunk\tmp\trunk\emxqwa6\.trunk\tmp\trunk\3hv5n13\.trunk\tmp\trunk\uhfi52t\src\lib\utils.ts... (5 files):HEAD] Unable to read last_write_time on F:\585\elitepro\.trunk\tmp\trunk\cnbacu1\.trunk\tmp\trunk\uhfi52t\src\lib\utils.ts: The system cannot find the path specified.
[2026-03-04 06:19:28.085] [global] [error] [cache.cc:884] [monitor] [trufflehog:lint:.trunk\tmp\trunk\cnbacu1\.trunk\tmp\trunk\emxqwa6\.trunk\tmp\trunk\3hv5n13\.trunk\tmp\trunk\uhfi52t\src\lib\utils.ts... (5 files):HEAD] Unable to read last_write_time on F:\585\elitepro\.trunk\tmp\trunk\cnbacu1\src\components\ErrorReporter.tsx: The system cannot find the path specified.
[2026-03-04 06:19:28.085] [global] [error] [cache.cc:884] [monitor] [trufflehog:lint:.trunk\tmp\trunk\cnbacu1\.trunk\tmp\trunk\emxqwa6\.trunk\tmp\trunk\3hv5n13\.trunk\tmp\trunk\uhfi52t\src\lib\utils.ts... (5 files):HEAD] Unable to read last_write_time on F:\585\elitepro\.trunk\tmp\trunk\emxqwa6\.trunk\tmp\trunk\3hv5n13\.trunk\tmp\trunk\uhfi52t\src\lib\utils.ts: The system cannot find the path specified.
[2026-03-04 06:19:28.085] [global] [error] [cache.cc:884] [monitor] [trufflehog:lint:.trunk\tmp\trunk\cnbacu1\.trunk\tmp\trunk\emxqwa6\.trunk\tmp\trunk\3hv5n13\.trunk\tmp\trunk\uhfi52t\src\lib\utils.ts... (5 files):HEAD] Unable to read last_write_time on F:\585\elitepro\.trunk\tmp\trunk\uhfi52t\src\lib\utils.ts: The system cannot find the path specified.
[2026-03-04 06:19:28.615] [global] [info] [git_source_control.cc:517] Computing merge base between 6a139687cedba4608bd48579f177e68c16f74ae9 and 6a139687cedba4608bd48579f177e68c16f74ae9
[2026-03-04 06:19:28.615] [global] [info] [git_source_control.cc:519] Resolved divergent commit as 6a139687cedba4608bd48579f177e68c16f74ae9
[2026-03-04 06:19:28.664] [global] [info] [cache.cc:974] [monitor] [trufflehog:lint:.trunk\tmp\trunk\zjwbth5\.trunk\tmp\trunk\i54h6vk\.trunk\tmp\trunk\cnbacu1\.trunk\tmp\trunk\emxqwa6\.trunk\tmp\trunk\3hv5n13\.trunk\tmp\trunk\uhfi52t\src\lib\utils.ts:HEAD] running linter (cache-key:9772755026569cde9c208012dc220369)
[2026-03-04 06:19:28.664] [global] [info] [cache.cc:974] [monitor] [trufflehog:lint:.trunk\tmp\trunk\zjwbth5\.trunk\tmp\trunk\i54h6vk\.trunk\tmp\trunk\cnbacu1\.trunk\tmp\trunk\uhfi52t\src\lib\utils.ts:HEAD] running linter (cache-key:06d5124cd8a1251c2e4773b184b8e543)
[2026-03-04 06:19:28.664] [global] [info] [cache.cc:974] [monitor] [trufflehog:lint:.trunk\tmp\trunk\zjwbth5\.trunk\tmp\trunk\i54h6vk\.trunk\tmp\trunk\cnbacu1\src\components\ErrorReporter.tsx:HEAD] running linter (cache-key:473421b10cf1a6b1932fbfa2197eed7e)
[2026-03-04 06:19:28.783] [global] [warning] [resolve_binary.cc:46] is_regular_file check failed for for C:\Users\Firash\AppData\Local\trunk\tools\trufflehog\3.93.6-cf1a5ee81c4cba891cb0c9398625fa18/bin\python3.bat // 3:The system cannot find the path specified.
[2026-03-04 06:19:28.783] [global] [warning] [resolve_binary.cc:46] is_regular_file check failed for for C:\Users\Firash\AppData\Local\trunk\tools\trufflehog\3.93.6-cf1a5ee81c4cba891cb0c9398625fa18/bin\python3 // 3:The system cannot find the path specified.
[2026-03-04 06:19:28.783] [global] [warning] [resolve_binary.cc:46] is_regular_file check failed for for C:\Users\Firash\AppData\Local\trunk\tools\trufflehog\3.93.6-cf1a5ee81c4cba891cb0c9398625fa18/bin\python3.exe // 3:The system cannot find the path specified.
[2026-03-04 06:19:28.783] [global] [warning] [resolve_binary.cc:46] is_regular_file check failed for for C:\Users\Firash\AppData\Local\trunk\tools\trufflehog\3.93.6-cf1a5ee81c4cba891cb0c9398625fa18/Scripts\python3.bat // 3:The system cannot find the path specified.
[2026-03-04 06:19:28.783] [global] [warning] [resolve_binary.cc:46] is_regular_file check failed for for C:\Users\Firash\AppData\Local\trunk\tools\trufflehog\3.93.6-cf1a5ee81c4cba891cb0c9398625fa18/Scripts\python3 // 3:The system cannot find the path specified.
[2026-03-04 06:19:28.783] [global] [warning] [resolve_binary.cc:46] is_regular_file check failed for for C:\Users\Firash\AppData\Local\trunk\tools\trufflehog\3.93.6-cf1a5ee81c4cba891cb0c9398625fa18/Scripts\python3.exe // 3:The system cannot find the path specified.
[2026-03-04 06:19:28.783] [global] [warning] [resolve_binary.cc:46] is_regular_file check failed for for C:\Users\Firash\AppData\Local\trunk\tools\python\3.10.8-2211cb108575de2785d77a26a1f8d070/bin\python3.bat // 3:The system cannot find the path specified.
[2026-03-04 06:19:28.783] [global] [warning] [resolve_binary.cc:46] is_regular_file check failed for for C:\Users\Firash\AppData\Local\trunk\tools\python\3.10.8-2211cb108575de2785d77a26a1f8d070/bin\python3 // 3:The system cannot find the path specified.
[2026-03-04 06:19:28.783] [global] [warning] [resolve_binary.cc:46] is_regular_file check failed for for C:\Users\Firash\AppData\Local\trunk\tools\python\3.10.8-2211cb108575de2785d77a26a1f8d070/bin\python3.exe // 3:The system cannot find the path specified.
[2026-03-04 06:19:28.841] [global] [info] [cache.cc:1117] [monitor] [trufflehog:lint:.trunk\tmp\trunk\cnbacu1\.trunk\tmp\trunk\emxqwa6\.trunk\tmp\trunk\3hv5n13\.trunk\tmp\trunk\uhfi52t\src\lib\utils.ts... (6 files):HEAD] Linter ran in 1715ms
[2026-03-04 06:19:28.850] [global] [error] [cache.cc:884] [monitor] [trufflehog:lint:.trunk\tmp\trunk\cnbacu1\.trunk\tmp\trunk\emxqwa6\.trunk\tmp\trunk\3hv5n13\.trunk\tmp\trunk\uhfi52t\src\lib\utils.ts... (6 files):HEAD] Unable to read last_write_time on F:\585\elitepro\.trunk\tmp\trunk\i54h6vk\.trunk\tmp\trunk\cnbacu1\.trunk\tmp\trunk\emxqwa6\.trunk\tmp\trunk\3hv5n13\.trunk\tmp\trunk\uhfi52t\src\lib\utils.ts: The system cannot find the path specified.
[2026-03-04 06:19:28.851] [global] [error] [cache.cc:884] [monitor] [trufflehog:lint:.trunk\tmp\trunk\cnbacu1\.trunk\tmp\trunk\emxqwa6\.trunk\tmp\trunk\3hv5n13\.trunk\tmp\trunk\uhfi52t\src\lib\utils.ts... (6 files):HEAD] Unable to read last_write_time on F:\585\elitepro\.trunk\tmp\trunk\i54h6vk\.trunk\tmp\trunk\cnbacu1\.trunk\tmp\trunk\uhfi52t\src\lib\utils.ts: The system cannot find the path specified.
[2026-03-04 06:19:28.851] [global] [error] [cache.cc:884] [monitor] [trufflehog:lint:.trunk\tmp\trunk\cnbacu1\.trunk\tmp\trunk\emxqwa6\.trunk\tmp\trunk\3hv5n13\.trunk\tmp\trunk\uhfi52t\src\lib\utils.ts... (6 files):HEAD] Unable to read last_write_time on F:\585\elitepro\.trunk\tmp\trunk\i54h6vk\.trunk\tmp\trunk\cnbacu1\src\components\ErrorReporter.tsx: The system cannot find the path specified.
[2026-03-04 06:19:28.851] [global] [error] [cache.cc:884] [monitor] [trufflehog:lint:.trunk\tmp\trunk\cnbacu1\.trunk\tmp\trunk\emxqwa6\.trunk\tmp\trunk\3hv5n13\.trunk\tmp\trunk\uhfi52t\src\lib\utils.ts... (6 files):HEAD] Unable to read last_write_time on F:\585\elitepro\.trunk\tmp\trunk\cnbacu1\.trunk\tmp\trunk\emxqwa6\.trunk\tmp\trunk\3hv5n13\.trunk\tmp\trunk\uhfi52t\src\lib\utils.ts: The system cannot find the path specified.
[2026-03-04 06:19:28.851] [global] [error] [cache.cc:884] [monitor] [trufflehog:lint:.trunk\tmp\trunk\cnbacu1\.trunk\tmp\trunk\emxqwa6\.trunk\tmp\trunk\3hv5n13\.trunk\tmp\trunk\uhfi52t\src\lib\utils.ts... (6 files):HEAD] Unable to read last_write_time on F:\585\elitepro\.trunk\tmp\trunk\cnbacu1\.trunk\tmp\trunk\uhfi52t\src\lib\utils.ts: The system cannot find the path specified.
[2026-03-04 06:19:28.851] [global] [error] [cache.cc:884] [monitor] [trufflehog:lint:.trunk\tmp\trunk\cnbacu1\.trunk\tmp\trunk\emxqwa6\.trunk\tmp\trunk\3hv5n13\.trunk\tmp\trunk\uhfi52t\src\lib\utils.ts... (6 files):HEAD] Unable to read last_write_time on F:\585\elitepro\.trunk\tmp\trunk\cnbacu1\src\components\ErrorReporter.tsx: The system cannot find the path specified.
[2026-03-04 06:19:29.376] [global] [info] [git_source_control.cc:517] Computing merge base between 6a139687cedba4608bd48579f177e68c16f74ae9 and 6a139687cedba4608bd48579f177e68c16f74ae9
[2026-03-04 06:19:29.376] [global] [info] [git_source_control.cc:519] Resolved divergent commit as 6a139687cedba4608bd48579f177e68c16f74ae9
[2026-03-04 06:19:29.428] [global] [info] [cache.cc:974] [monitor] [trufflehog:lint:.trunk\tmp\trunk\nwff5du\.trunk\tmp\trunk\zjwbth5\.trunk\tmp\trunk\i54h6vk\.trunk\tmp\trunk\cnbacu1\.trunk\tmp\trunk\emxqwa6\.trunk\tmp\trunk\3hv5n13\.trunk\tmp\trunk\uhfi52t\src\lib\utils.ts:HEAD] running linter (cache-key:d1a6e4e6b9ea15ba2b0431c33532b8d0)
[2026-03-04 06:19:29.428] [global] [info] [cache.cc:974] [monitor] [trufflehog:lint:.trunk\tmp\trunk\nwff5du\.trunk\tmp\trunk\zjwbth5\.trunk\tmp\trunk\i54h6vk\.trunk\tmp\trunk\cnbacu1\.trunk\tmp\trunk\uhfi52t\src\lib\utils.ts:HEAD] running linter (cache-key:e039f840518ab69426bbbb935d378f45)
[2026-03-04 06:19:29.428] [global] [info] [cache.cc:974] [monitor] [trufflehog:lint:.trunk\tmp\trunk\nwff5du\.trunk\tmp\trunk\zjwbth5\.trunk\tmp\trunk\i54h6vk\.trunk\tmp\trunk\cnbacu1\src\components\ErrorReporter.tsx:HEAD] running linter (cache-key:cdd11c4c4ca4791a59886cfdd5914943)
[2026-03-04 06:19:29.954] [global] [info] [git_source_control.cc:517] Computing merge base between 6a139687cedba4608bd48579f177e68c16f74ae9 and 6a139687cedba4608bd48579f177e68c16f74ae9
[2026-03-04 06:19:29.954] [global] [info] [git_source_control.cc:519] Resolved divergent commit as 6a139687cedba4608bd48579f177e68c16f74ae9
[2026-03-04 06:19:30.056] [global] [info] [cache.cc:974] [monitor] [trufflehog:lint:.trunk\tmp\trunk\4enz1vr\.trunk\tmp\trunk\nwff5du\.trunk\tmp\trunk\zjwbth5\.trunk\tmp\trunk\i54h6vk\.trunk\tmp\trunk\cnbacu1\.trunk\tmp\trunk\emxqwa6\.trunk\tmp\trunk\3hv5n13\.trunk\tmp\trunk\uhfi52t\src\lib\utils.ts:HEAD] running linter (cache-key:c7bfa8a92d72e344ba85e662dccfba6a)
[2026-03-04 06:19:30.056] [global] [info] [cache.cc:974] [monitor] [trufflehog:lint:.trunk\tmp\trunk\4enz1vr\.trunk\tmp\trunk\nwff5du\.trunk\tmp\trunk\zjwbth5\.trunk\tmp\trunk\i54h6vk\.trunk\tmp\trunk\cnbacu1\.trunk\tmp\trunk\uhfi52t\src\lib\utils.ts:HEAD] running linter (cache-key:0726b4043578fd957988e4e8ee858f77)
[2026-03-04 06:19:30.056] [global] [info] [cache.cc:974] [monitor] [trufflehog:lint:.trunk\tmp\trunk\4enz1vr\.trunk\tmp\trunk\nwff5du\.trunk\tmp\trunk\zjwbth5\.trunk\tmp\trunk\i54h6vk\.trunk\tmp\trunk\cnbacu1\src\components\ErrorReporter.tsx:HEAD] running linter (cache-key:18bd34623b3f217d91e821dd8584a6a8)
[2026-03-04 06:19:30.056] [global] [info] [cache.cc:959] [monitor] [trufflehog:lint:.trunk\tmp\trunk\nwff5du\.trunk\tmp\trunk\zjwbth5\.trunk\tmp\trunk\i54h6vk\.trunk\tmp\trunk\cnbacu1\.trunk\tmp\trunk\emxqwa6\.trunk\tmp\trunk\3hv5n13\.trunk\tmp\trunk\uhfi52t\src\lib\utils.ts:HEAD] linting in progress, waiting (cache-key:d1a6e4e6b9ea15ba2b0431c33532b8d0)
[2026-03-04 06:19:30.056] [global] [info] [cache.cc:959] [monitor] [trufflehog:lint:.trunk\tmp\trunk\nwff5du\.trunk\tmp\trunk\zjwbth5\.trunk\tmp\trunk\i54h6vk\.trunk\tmp\trunk\cnbacu1\.trunk\tmp\trunk\uhfi52t\src\lib\utils.ts:HEAD] linting in progress, waiting (cache-key:e039f840518ab69426bbbb935d378f45)
[2026-03-04 06:19:30.056] [global] [info] [cache.cc:959] [monitor] [trufflehog:lint:.trunk\tmp\trunk\nwff5du\.trunk\tmp\trunk\zjwbth5\.trunk\tmp\trunk\i54h6vk\.trunk\tmp\trunk\cnbacu1\src\components\ErrorReporter.tsx:HEAD] linting in progress, waiting (cache-key:cdd11c4c4ca4791a59886cfdd5914943)
[2026-03-04 06:19:30.288] [global] [warning] [resolve_binary.cc:46] is_regular_file check failed for for C:\Users\Firash\AppData\Local\trunk\tools\trufflehog\3.93.6-cf1a5ee81c4cba891cb0c9398625fa18/bin\python3.bat // 3:The system cannot find the path specified.
[2026-03-04 06:19:30.288] [global] [warning] [resolve_binary.cc:46] is_regular_file check failed for for C:\Users\Firash\AppData\Local\trunk\tools\trufflehog\3.93.6-cf1a5ee81c4cba891cb0c9398625fa18/bin\python3 // 3:The system cannot find the path specified.
[2026-03-04 06:19:30.289] [global] [warning] [resolve_binary.cc:46] is_regular_file check failed for for C:\Users\Firash\AppData\Local\trunk\tools\trufflehog\3.93.6-cf1a5ee81c4cba891cb0c9398625fa18/bin\python3.exe // 3:The system cannot find the path specified.
[2026-03-04 06:19:30.289] [global] [warning] [resolve_binary.cc:46] is_regular_file check failed for for C:\Users\Firash\AppData\Local\trunk\tools\trufflehog\3.93.6-cf1a5ee81c4cba891cb0c9398625fa18/Scripts\python3.bat // 3:The system cannot find the path specified.
[2026-03-04 06:19:30.289] [global] [warning] [resolve_binary.cc:46] is_regular_file check failed for for C:\Users\Firash\AppData\Local\trunk\tools\trufflehog\3.93.6-cf1a5ee81c4cba891cb0c9398625fa18/Scripts\python3 // 3:The system cannot find the path specified.
[2026-03-04 06:19:30.289] [global] [warning] [resolve_binary.cc:46] is_regular_file check failed for for C:\Users\Firash\AppData\Local\trunk\tools\trufflehog\3.93.6-cf1a5ee81c4cba891cb0c9398625fa18/Scripts\python3.exe // 3:The system cannot find the path specified.
[2026-03-04 06:19:30.289] [global] [warning] [resolve_binary.cc:46] is_regular_file check failed for for C:\Users\Firash\AppData\Local\trunk\tools\python\3.10.8-2211cb108575de2785d77a26a1f8d070/bin\python3.bat // 3:The system cannot find the path specified.
[2026-03-04 06:19:30.289] [global] [warning] [resolve_binary.cc:46] is_regular_file check failed for for C:\Users\Firash\AppData\Local\trunk\tools\python\3.10.8-2211cb108575de2785d77a26a1f8d070/bin\python3 // 3:The system cannot find the path specified.
[2026-03-04 06:19:30.289] [global] [warning] [resolve_binary.cc:46] is_regular_file check failed for for C:\Users\Firash\AppData\Local\trunk\tools\python\3.10.8-2211cb108575de2785d77a26a1f8d070/bin\python3.exe // 3:The system cannot find the path specified.
[2026-03-04 06:19:30.337] [global] [info] [cache.cc:1117] [monitor] [trufflehog:lint:.trunk\tmp\trunk\zjwbth5\.trunk\tmp\trunk\i54h6vk\.trunk\tmp\trunk\cnbacu1\.trunk\tmp\trunk\emxqwa6\.trunk\tmp\trunk\3hv5n13\.trunk\tmp\trunk\uhfi52t\src\lib\utils.ts... (3 files):HEAD] Linter ran in 1662ms
[2026-03-04 06:19:30.344] [global] [error] [cache.cc:884] [monitor] [trufflehog:lint:.trunk\tmp\trunk\zjwbth5\.trunk\tmp\trunk\i54h6vk\.trunk\tmp\trunk\cnbacu1\.trunk\tmp\trunk\emxqwa6\.trunk\tmp\trunk\3hv5n13\.trunk\tmp\trunk\uhfi52t\src\lib\utils.ts... (3 files):HEAD] Unable to read last_write_time on F:\585\elitepro\.trunk\tmp\trunk\zjwbth5\.trunk\tmp\trunk\i54h6vk\.trunk\tmp\trunk\cnbacu1\.trunk\tmp\trunk\emxqwa6\.trunk\tmp\trunk\3hv5n13\.trunk\tmp\trunk\uhfi52t\src\lib\utils.ts: The system cannot find the path specified.
[2026-03-04 06:19:30.344] [global] [error] [cache.cc:884] [monitor] [trufflehog:lint:.trunk\tmp\trunk\zjwbth5\.trunk\tmp\trunk\i54h6vk\.trunk\tmp\trunk\cnbacu1\.trunk\tmp\trunk\emxqwa6\.trunk\tmp\trunk\3hv5n13\.trunk\tmp\trunk\uhfi52t\src\lib\utils.ts... (3 files):HEAD] Unable to read last_write_time on F:\585\elitepro\.trunk\tmp\trunk\zjwbth5\.trunk\tmp\trunk\i54h6vk\.trunk\tmp\trunk\cnbacu1\.trunk\tmp\trunk\uhfi52t\src\lib\utils.ts: The system cannot find the path specified.
[2026-03-04 06:19:30.345] [global] [error] [cache.cc:884] [monitor] [trufflehog:lint:.trunk\tmp\trunk\zjwbth5\.trunk\tmp\trunk\i54h6vk\.trunk\tmp\trunk\cnbacu1\.trunk\tmp\trunk\emxqwa6\.trunk\tmp\trunk\3hv5n13\.trunk\tmp\trunk\uhfi52t\src\lib\utils.ts... (3 files):HEAD] Unable to read last_write_time on F:\585\elitepro\.trunk\tmp\trunk\zjwbth5\.trunk\tmp\trunk\i54h6vk\.trunk\tmp\trunk\cnbacu1\src\components\ErrorReporter.tsx: The system cannot find the path specified.
[2026-03-04 06:19:30.872] [global] [info] [git_source_control.cc:517] Computing merge base between 6a139687cedba4608bd48579f177e68c16f74ae9 and 6a139687cedba4608bd48579f177e68c16f74ae9
[2026-03-04 06:19:30.872] [global] [info] [git_source_control.cc:519] Resolved divergent commit as 6a139687cedba4608bd48579f177e68c16f74ae9
[2026-03-04 06:19:30.931] [global] [info] [cache.cc:974] [monitor] [trufflehog:lint:.trunk\tmp\trunk\4enz1vr\.trunk\tmp\trunk\nwff5du\.trunk\tmp\trunk\zjwbth5\.trunk\tmp\trunk\i54h6vk\.trunk\tmp\trunk\cnbacu1\.trunk\tmp\trunk\emxqwa6\.trunk\tmp\trunk\3hv5n13\.trunk\tmp\trunk\uhfi52t\src\lib\utils.ts:HEAD] running linter (cache-key:c7bfa8a92d72e344ba85e662dccfba6a)
[2026-03-04 06:19:30.931] [global] [info] [cache.cc:974] [monitor] [trufflehog:lint:.trunk\tmp\trunk\4enz1vr\.trunk\tmp\trunk\nwff5du\.trunk\tmp\trunk\zjwbth5\.trunk\tmp\trunk\i54h6vk\.trunk\tmp\trunk\cnbacu1\.trunk\tmp\trunk\uhfi52t\src\lib\utils.ts:HEAD] running linter (cache-key:0726b4043578fd957988e4e8ee858f77)
[2026-03-04 06:19:30.931] [global] [info] [cache.cc:974] [monitor] [trufflehog:lint:.trunk\tmp\trunk\4enz1vr\.trunk\tmp\trunk\nwff5du\.trunk\tmp\trunk\zjwbth5\.trunk\tmp\trunk\i54h6vk\.trunk\tmp\trunk\cnbacu1\src\components\ErrorReporter.tsx:HEAD] running linter (cache-key:18bd34623b3f217d91e821dd8584a6a8)
[2026-03-04 06:19:31.451] [global] [info] [git_source_control.cc:517] Computing merge base between 6a139687cedba4608bd48579f177e68c16f74ae9 and 6a139687cedba4608bd48579f177e68c16f74ae9
[2026-03-04 06:19:31.451] [global] [info] [git_source_control.cc:519] Resolved divergent commit as 6a139687cedba4608bd48579f177e68c16f74ae9
[2026-03-04 06:19:31.495] [global] [info] [cache.cc:974] [monitor] [trufflehog:lint:.trunk\tmp\trunk\4enz1vr\.trunk\tmp\trunk\nwff5du\.trunk\tmp\trunk\zjwbth5\.trunk\tmp\trunk\i54h6vk\.trunk\tmp\trunk\cnbacu1\.trunk\tmp\trunk\emxqwa6\.trunk\tmp\trunk\3hv5n13\.trunk\tmp\trunk\uhfi52t\src\lib\utils.ts:HEAD] running linter (cache-key:c7bfa8a92d72e344ba85e662dccfba6a)
[2026-03-04 06:19:31.495] [global] [info] [cache.cc:974] [monitor] [trufflehog:lint:.trunk\tmp\trunk\4enz1vr\.trunk\tmp\trunk\nwff5du\.trunk\tmp\trunk\zjwbth5\.trunk\tmp\trunk\i54h6vk\.trunk\tmp\trunk\cnbacu1\.trunk\tmp\trunk\uhfi52t\src\lib\utils.ts:HEAD] running linter (cache-key:0726b4043578fd957988e4e8ee858f77)
[2026-03-04 06:19:31.495] [global] [info] [cache.cc:974] [monitor] [trufflehog:lint:.trunk\tmp\trunk\4enz1vr\.trunk\tmp\trunk\nwff5du\.trunk\tmp\trunk\zjwbth5\.trunk\tmp\trunk\i54h6vk\.trunk\tmp\trunk\cnbacu1\src\components\ErrorReporter.tsx:HEAD] running linter (cache-key:18bd34623b3f217d91e821dd8584a6a8)
[2026-03-04 06:19:32.025] [global] [info] [git_source_control.cc:517] Computing merge base between 6a139687cedba4608bd48579f177e68c16f74ae9 and 6a139687cedba4608bd48579f177e68c16f74ae9
[2026-03-04 06:19:32.025] [global] [info] [git_source_control.cc:519] Resolved divergent commit as 6a139687cedba4608bd48579f177e68c16f74ae9
[2026-03-04 06:19:32.074] [global] [info] [cache.cc:974] [monitor] [trufflehog:lint:.trunk\tmp\trunk\4enz1vr\.trunk\tmp\trunk\nwff5du\.trunk\tmp\trunk\zjwbth5\.trunk\tmp\trunk\i54h6vk\.trunk\tmp\trunk\cnbacu1\.trunk\tmp\trunk\emxqwa6\.trunk\tmp\trunk\3hv5n13\.trunk\tmp\trunk\uhfi52t\src\lib\utils.ts:HEAD] running linter (cache-key:c7bfa8a92d72e344ba85e662dccfba6a)
[2026-03-04 06:19:32.075] [global] [info] [cache.cc:974] [monitor] [trufflehog:lint:.trunk\tmp\trunk\4enz1vr\.trunk\tmp\trunk\nwff5du\.trunk\tmp\trunk\zjwbth5\.trunk\tmp\trunk\i54h6vk\.trunk\tmp\trunk\cnbacu1\.trunk\tmp\trunk\uhfi52t\src\lib\utils.ts:HEAD] running linter (cache-key:0726b4043578fd957988e4e8ee858f77)
[2026-03-04 06:19:32.075] [global] [info] [cache.cc:974] [monitor] [trufflehog:lint:.trunk\tmp\trunk\4enz1vr\.trunk\tmp\trunk\nwff5du\.trunk\tmp\trunk\zjwbth5\.trunk\tmp\trunk\i54h6vk\.trunk\tmp\trunk\cnbacu1\src\components\ErrorReporter.tsx:HEAD] running linter (cache-key:18bd34623b3f217d91e821dd8584a6a8)
[2026-03-04 06:19:32.295] [global] [warning] [resolve_binary.cc:46] is_regular_file check failed for for C:\Users\Firash\AppData\Local\trunk\tools\trufflehog\3.93.6-cf1a5ee81c4cba891cb0c9398625fa18/bin\python3.bat // 3:The system cannot find the path specified.
[2026-03-04 06:19:32.295] [global] [warning] [resolve_binary.cc:46] is_regular_file check failed for for C:\Users\Firash\AppData\Local\trunk\tools\trufflehog\3.93.6-cf1a5ee81c4cba891cb0c9398625fa18/bin\python3 // 3:The system cannot find the path specified.
[2026-03-04 06:19:32.295] [global] [warning] [resolve_binary.cc:46] is_regular_file check failed for for C:\Users\Firash\AppData\Local\trunk\tools\trufflehog\3.93.6-cf1a5ee81c4cba891cb0c9398625fa18/bin\python3.exe // 3:The system cannot find the path specified.
[2026-03-04 06:19:32.295] [global] [warning] [resolve_binary.cc:46] is_regular_file check failed for for C:\Users\Firash\AppData\Local\trunk\tools\trufflehog\3.93.6-cf1a5ee81c4cba891cb0c9398625fa18/Scripts\python3.bat // 3:The system cannot find the path specified.
[2026-03-04 06:19:32.295] [global] [warning] [resolve_binary.cc:46] is_regular_file check failed for for C:\Users\Firash\AppData\Local\trunk\tools\trufflehog\3.93.6-cf1a5ee81c4cba891cb0c9398625fa18/Scripts\python3 // 3:The system cannot find the path specified.
[2026-03-04 06:19:32.295] [global] [warning] [resolve_binary.cc:46] is_regular_file check failed for for C:\Users\Firash\AppData\Local\trunk\tools\trufflehog\3.93.6-cf1a5ee81c4cba891cb0c9398625fa18/Scripts\python3.exe // 3:The system cannot find the path specified.
[2026-03-04 06:19:32.295] [global] [warning] [resolve_binary.cc:46] is_regular_file check failed for for C:\Users\Firash\AppData\Local\trunk\tools\python\3.10.8-2211cb108575de2785d77a26a1f8d070/bin\python3.bat // 3:The system cannot find the path specified.
[2026-03-04 06:19:32.295] [global] [warning] [resolve_binary.cc:46] is_regular_file check failed for for C:\Users\Firash\AppData\Local\trunk\tools\python\3.10.8-2211cb108575de2785d77a26a1f8d070/bin\python3 // 3:The system cannot find the path specified.
[2026-03-04 06:19:32.295] [global] [warning] [resolve_binary.cc:46] is_regular_file check failed for for C:\Users\Firash\AppData\Local\trunk\tools\python\3.10.8-2211cb108575de2785d77a26a1f8d070/bin\python3.exe // 3:The system cannot find the path specified.
[2026-03-04 06:19:32.340] [global] [info] [cache.cc:1117] [monitor] [trufflehog:lint:.trunk\tmp\trunk\nwff5du\.trunk\tmp\trunk\zjwbth5\.trunk\tmp\trunk\i54h6vk\.trunk\tmp\trunk\cnbacu1\.trunk\tmp\trunk\emxqwa6\.trunk\tmp\trunk\3hv5n13\.trunk\tmp\trunk\uhfi52t\src\lib\utils.ts... (3 files):HEAD] Linter ran in 2903ms
[2026-03-04 06:19:32.346] [global] [error] [cache.cc:884] [monitor] [trufflehog:lint:.trunk\tmp\trunk\nwff5du\.trunk\tmp\trunk\zjwbth5\.trunk\tmp\trunk\i54h6vk\.trunk\tmp\trunk\cnbacu1\.trunk\tmp\trunk\emxqwa6\.trunk\tmp\trunk\3hv5n13\.trunk\tmp\trunk\uhfi52t\src\lib\utils.ts... (3 files):HEAD] Unable to read last_write_time on F:\585\elitepro\.trunk\tmp\trunk\nwff5du\.trunk\tmp\trunk\zjwbth5\.trunk\tmp\trunk\i54h6vk\.trunk\tmp\trunk\cnbacu1\.trunk\tmp\trunk\emxqwa6\.trunk\tmp\trunk\3hv5n13\.trunk\tmp\trunk\uhfi52t\src\lib\utils.ts: The system cannot find the path specified.
[2026-03-04 06:19:32.346] [global] [error] [cache.cc:884] [monitor] [trufflehog:lint:.trunk\tmp\trunk\nwff5du\.trunk\tmp\trunk\zjwbth5\.trunk\tmp\trunk\i54h6vk\.trunk\tmp\trunk\cnbacu1\.trunk\tmp\trunk\emxqwa6\.trunk\tmp\trunk\3hv5n13\.trunk\tmp\trunk\uhfi52t\src\lib\utils.ts... (3 files):HEAD] Unable to read last_write_time on F:\585\elitepro\.trunk\tmp\trunk\nwff5du\.trunk\tmp\trunk\zjwbth5\.trunk\tmp\trunk\i54h6vk\.trunk\tmp\trunk\cnbacu1\.trunk\tmp\trunk\uhfi52t\src\lib\utils.ts: The system cannot find the path specified.
[2026-03-04 06:19:32.346] [global] [error] [cache.cc:884] [monitor] [trufflehog:lint:.trunk\tmp\trunk\nwff5du\.trunk\tmp\trunk\zjwbth5\.trunk\tmp\trunk\i54h6vk\.trunk\tmp\trunk\cnbacu1\.trunk\tmp\trunk\emxqwa6\.trunk\tmp\trunk\3hv5n13\.trunk\tmp\trunk\uhfi52t\src\lib\utils.ts... (3 files):HEAD] Unable to read last_write_time on F:\585\elitepro\.trunk\tmp\trunk\nwff5du\.trunk\tmp\trunk\zjwbth5\.trunk\tmp\trunk\i54h6vk\.trunk\tmp\trunk\cnbacu1\src\components\ErrorReporter.tsx: The system cannot find the path specified.
[2026-03-04 06:19:32.852] [global] [info] [git_source_control.cc:517] Computing merge base between 6a139687cedba4608bd48579f177e68c16f74ae9 and 6a139687cedba4608bd48579f177e68c16f74ae9
[2026-03-04 06:19:32.852] [global] [info] [git_source_control.cc:519] Resolved divergent commit as 6a139687cedba4608bd48579f177e68c16f74ae9
[2026-03-04 06:19:35.124] [global] [info] [git_source_control.cc:517] Computing merge base between 6a139687cedba4608bd48579f177e68c16f74ae9 and 6a139687cedba4608bd48579f177e68c16f74ae9
[2026-03-04 06:19:35.124] [global] [info] [git_source_control.cc:519] Resolved divergent commit as 6a139687cedba4608bd48579f177e68c16f74ae9
[2026-03-04 06:19:45.063] [global] [info] [git_source_control.cc:517] Computing merge base between 6a139687cedba4608bd48579f177e68c16f74ae9 and 6a139687cedba4608bd48579f177e68c16f74ae9
[2026-03-04 06:19:45.063] [global] [info] [git_source_control.cc:519] Resolved divergent commit as 6a139687cedba4608bd48579f177e68c16f74ae9
[2026-03-04 06:19:45.098] [global] [info] [cache.cc:974] [monitor] [trufflehog:lint:src\components\sections\Hero.tsx:HEAD] running linter (cache-key:d9515494ab9d9d3166c1c505bc048543)
[2026-03-04 06:19:45.620] [global] [info] [git_source_control.cc:517] Computing merge base between 6a139687cedba4608bd48579f177e68c16f74ae9 and 6a139687cedba4608bd48579f177e68c16f74ae9
[2026-03-04 06:19:45.620] [global] [info] [git_source_control.cc:519] Resolved divergent commit as 6a139687cedba4608bd48579f177e68c16f74ae9
[2026-03-04 06:19:45.654] [global] [info] [cache.cc:974] [monitor] [trufflehog:lint:.trunk\tmp\trunk\s2zbl2j\src\components\sections\Hero.tsx:HEAD] running linter (cache-key:76543ce122bf620af935d7d0c3537af6)
[2026-03-04 06:19:46.184] [global] [info] [git_source_control.cc:517] Computing merge base between 6a139687cedba4608bd48579f177e68c16f74ae9 and 6a139687cedba4608bd48579f177e68c16f74ae9
[2026-03-04 06:19:46.184] [global] [info] [git_source_control.cc:519] Resolved divergent commit as 6a139687cedba4608bd48579f177e68c16f74ae9
[2026-03-04 06:19:46.216] [global] [info] [cache.cc:974] [monitor] [trufflehog:lint:.trunk\tmp\trunk\dao2b62\.trunk\tmp\trunk\s2zbl2j\src\components\sections\Hero.tsx:HEAD] running linter (cache-key:3074b9980d5a090b0341d536fc4bc94e)
[2026-03-04 06:19:46.216] [global] [info] [cache.cc:959] [monitor] [trufflehog:lint:.trunk\tmp\trunk\s2zbl2j\src\components\sections\Hero.tsx:HEAD] linting in progress, waiting (cache-key:76543ce122bf620af935d7d0c3537af6)
[2026-03-04 06:19:47.407] [global] [info] [git_source_control.cc:517] Computing merge base between 6a139687cedba4608bd48579f177e68c16f74ae9 and 6a139687cedba4608bd48579f177e68c16f74ae9
[2026-03-04 06:19:47.407] [global] [info] [git_source_control.cc:519] Resolved divergent commit as 6a139687cedba4608bd48579f177e68c16f74ae9
[2026-03-04 06:19:47.503] [global] [info] [cache.cc:974] [monitor] [trufflehog:lint:.trunk\tmp\trunk\s2zbl2j\src\components\sections\Hero.tsx:HEAD] running linter (cache-key:76543ce122bf620af935d7d0c3537af6)
[2026-03-04 06:19:47.503] [global] [info] [cache.cc:974] [monitor] [trufflehog:lint:.trunk\tmp\trunk\xmgrrxt\.trunk\tmp\trunk\dao2b62\.trunk\tmp\trunk\s2zbl2j\src\components\sections\Hero.tsx:HEAD] running linter (cache-key:ecc46b518511c6884f1bfb7a81b5d0fd)
[2026-03-04 06:19:47.504] [global] [info] [cache.cc:974] [monitor] [trufflehog:lint:src\components\sections\PersonalPerspectives.tsx:HEAD] running linter (cache-key:add88a9046488ae2ac4a2dfcacff8327)
[2026-03-04 06:19:48.041] [global] [info] [git_source_control.cc:517] Computing merge base between 6a139687cedba4608bd48579f177e68c16f74ae9 and 6a139687cedba4608bd48579f177e68c16f74ae9
[2026-03-04 06:19:48.041] [global] [info] [git_source_control.cc:519] Resolved divergent commit as 6a139687cedba4608bd48579f177e68c16f74ae9
[2026-03-04 06:19:48.130] [global] [info] [cache.cc:974] [monitor] [trufflehog:lint:.trunk\tmp\trunk\rj3nkuo\.trunk\tmp\trunk\s2zbl2j\src\components\sections\Hero.tsx:HEAD] running linter (cache-key:a6a1bacd62be52e25d6e1f8daff6c001)
[2026-03-04 06:19:48.130] [global] [info] [cache.cc:974] [monitor] [trufflehog:lint:.trunk\tmp\trunk\rj3nkuo\.trunk\tmp\trunk\xmgrrxt\.trunk\tmp\trunk\dao2b62\.trunk\tmp\trunk\s2zbl2j\src\components\sections\Hero.tsx:HEAD] running linter (cache-key:37bf76c564e16037684026cad10c574c)
[2026-03-04 06:19:48.130] [global] [info] [cache.cc:974] [monitor] [trufflehog:lint:.trunk\tmp\trunk\rj3nkuo\src\components\sections\PersonalPerspectives.tsx:HEAD] running linter (cache-key:fd667f991b253bfb1888df18482151f1)
[2026-03-04 06:19:48.130] [global] [info] [cache.cc:959] [monitor] [trufflehog:lint:.trunk\tmp\trunk\s2zbl2j\src\components\sections\Hero.tsx:HEAD] linting in progress, waiting (cache-key:76543ce122bf620af935d7d0c3537af6)
[2026-03-04 06:19:48.130] [global] [info] [cache.cc:959] [monitor] [trufflehog:lint:.trunk\tmp\trunk\xmgrrxt\.trunk\tmp\trunk\dao2b62\.trunk\tmp\trunk\s2zbl2j\src\components\sections\Hero.tsx:HEAD] linting in progress, waiting (cache-key:ecc46b518511c6884f1bfb7a81b5d0fd)
[2026-03-04 06:19:48.571] [global] [warning] [resolve_binary.cc:46] is_regular_file check failed for for C:\Users\Firash\AppData\Local\trunk\tools\trufflehog\3.93.6-cf1a5ee81c4cba891cb0c9398625fa18/bin\python3.bat // 3:The system cannot find the path specified.
[2026-03-04 06:19:48.571] [global] [warning] [resolve_binary.cc:46] is_regular_file check failed for for C:\Users\Firash\AppData\Local\trunk\tools\trufflehog\3.93.6-cf1a5ee81c4cba891cb0c9398625fa18/bin\python3 // 3:The system cannot find the path specified.
[2026-03-04 06:19:48.571] [global] [warning] [resolve_binary.cc:46] is_regular_file check failed for for C:\Users\Firash\AppData\Local\trunk\tools\trufflehog\3.93.6-cf1a5ee81c4cba891cb0c9398625fa18/bin\python3.exe // 3:The system cannot find the path specified.
[2026-03-04 06:19:48.571] [global] [warning] [resolve_binary.cc:46] is_regular_file check failed for for C:\Users\Firash\AppData\Local\trunk\tools\trufflehog\3.93.6-cf1a5ee81c4cba891cb0c9398625fa18/Scripts\python3.bat // 3:The system cannot find the path specified.
[2026-03-04 06:19:48.571] [global] [warning] [resolve_binary.cc:46] is_regular_file check failed for for C:\Users\Firash\AppData\Local\trunk\tools\trufflehog\3.93.6-cf1a5ee81c4cba891cb0c9398625fa18/Scripts\python3 // 3:The system cannot find the path specified.
[2026-03-04 06:19:48.571] [global] [warning] [resolve_binary.cc:46] is_regular_file check failed for for C:\Users\Firash\AppData\Local\trunk\tools\trufflehog\3.93.6-cf1a5ee81c4cba891cb0c9398625fa18/Scripts\python3.exe // 3:The system cannot find the path specified.
[2026-03-04 06:19:48.571] [global] [warning] [resolve_binary.cc:46] is_regular_file check failed for for C:\Users\Firash\AppData\Local\trunk\tools\python\3.10.8-2211cb108575de2785d77a26a1f8d070/bin\python3.bat // 3:The system cannot find the path specified.
[2026-03-04 06:19:48.571] [global] [warning] [resolve_binary.cc:46] is_regular_file check failed for for C:\Users\Firash\AppData\Local\trunk\tools\python\3.10.8-2211cb108575de2785d77a26a1f8d070/bin\python3 // 3:The system cannot find the path specified.
[2026-03-04 06:19:48.571] [global] [warning] [resolve_binary.cc:46] is_regular_file check failed for for C:\Users\Firash\AppData\Local\trunk\tools\python\3.10.8-2211cb108575de2785d77a26a1f8d070/bin\python3.exe // 3:The system cannot find the path specified.
[2026-03-04 06:19:48.674] [global] [info] [git_source_control.cc:517] Computing merge base between 6a139687cedba4608bd48579f177e68c16f74ae9 and 6a139687cedba4608bd48579f177e68c16f74ae9
[2026-03-04 06:19:48.674] [global] [info] [git_source_control.cc:519] Resolved divergent commit as 6a139687cedba4608bd48579f177e68c16f74ae9
[2026-03-04 06:19:48.720] [global] [info] [cache.cc:1117] [monitor] [trufflehog:lint:src\components\sections\Hero.tsx:HEAD] Linter ran in 3621ms
[2026-03-04 06:19:49.245] [global] [info] [git_source_control.cc:517] Computing merge base between 6a139687cedba4608bd48579f177e68c16f74ae9 and 6a139687cedba4608bd48579f177e68c16f74ae9
[2026-03-04 06:19:49.245] [global] [info] [git_source_control.cc:519] Resolved divergent commit as 6a139687cedba4608bd48579f177e68c16f74ae9
[2026-03-04 06:19:49.338] [global] [info] [cache.cc:959] [monitor] [trufflehog:lint:.trunk\tmp\trunk\rj3nkuo\.trunk\tmp\trunk\s2zbl2j\src\components\sections\Hero.tsx:HEAD] linting in progress, waiting (cache-key:a6a1bacd62be52e25d6e1f8daff6c001)
[2026-03-04 06:19:49.338] [global] [info] [cache.cc:959] [monitor] [trufflehog:lint:.trunk\tmp\trunk\rj3nkuo\.trunk\tmp\trunk\xmgrrxt\.trunk\tmp\trunk\dao2b62\.trunk\tmp\trunk\s2zbl2j\src\components\sections\Hero.tsx:HEAD] linting in progress, waiting (cache-key:37bf76c564e16037684026cad10c574c)
[2026-03-04 06:19:49.338] [global] [info] [cache.cc:959] [monitor] [trufflehog:lint:.trunk\tmp\trunk\rj3nkuo\src\components\sections\PersonalPerspectives.tsx:HEAD] linting in progress, waiting (cache-key:fd667f991b253bfb1888df18482151f1)
[2026-03-04 06:19:49.338] [global] [info] [cache.cc:974] [monitor] [trufflehog:lint:.trunk\tmp\trunk\s4jnwnk\.trunk\tmp\trunk\rj3nkuo\.trunk\tmp\trunk\s2zbl2j\src\components\sections\Hero.tsx:HEAD] running linter (cache-key:10a7723f4c6820075fc3bf4b840ba90a)
[2026-03-04 06:19:49.338] [global] [info] [cache.cc:974] [monitor] [trufflehog:lint:.trunk\tmp\trunk\s4jnwnk\.trunk\tmp\trunk\rj3nkuo\.trunk\tmp\trunk\xmgrrxt\.trunk\tmp\trunk\dao2b62\.trunk\tmp\trunk\s2zbl2j\src\components\sections\Hero.tsx:HEAD] running linter (cache-key:b01a6f24391b71ffa132ac34a5055898)
[2026-03-04 06:19:49.338] [global] [info] [cache.cc:974] [monitor] [trufflehog:lint:.trunk\tmp\trunk\s4jnwnk\.trunk\tmp\trunk\rj3nkuo\src\components\sections\PersonalPerspectives.tsx:HEAD] running linter (cache-key:0d44f43f63b14aedf7afa234680917fd)
[2026-03-04 06:19:49.338] [global] [info] [cache.cc:959] [monitor] [trufflehog:lint:.trunk\tmp\trunk\xmgrrxt\.trunk\tmp\trunk\dao2b62\.trunk\tmp\trunk\s2zbl2j\src\components\sections\Hero.tsx:HEAD] linting in progress, waiting (cache-key:ecc46b518511c6884f1bfb7a81b5d0fd)
[2026-03-04 06:19:49.486] [global] [warning] [resolve_binary.cc:46] is_regular_file check failed for for C:\Users\Firash\AppData\Local\trunk\tools\trufflehog\3.93.6-cf1a5ee81c4cba891cb0c9398625fa18/bin\python3.bat // 3:The system cannot find the path specified.
[2026-03-04 06:19:49.486] [global] [warning] [resolve_binary.cc:46] is_regular_file check failed for for C:\Users\Firash\AppData\Local\trunk\tools\trufflehog\3.93.6-cf1a5ee81c4cba891cb0c9398625fa18/bin\python3 // 3:The system cannot find the path specified.
[2026-03-04 06:19:49.486] [global] [warning] [resolve_binary.cc:46] is_regular_file check failed for for C:\Users\Firash\AppData\Local\trunk\tools\trufflehog\3.93.6-cf1a5ee81c4cba891cb0c9398625fa18/bin\python3.exe // 3:The system cannot find the path specified.
[2026-03-04 06:19:49.486] [global] [warning] [resolve_binary.cc:46] is_regular_file check failed for for C:\Users\Firash\AppData\Local\trunk\tools\trufflehog\3.93.6-cf1a5ee81c4cba891cb0c9398625fa18/Scripts\python3.bat // 3:The system cannot find the path specified.
[2026-03-04 06:19:49.486] [global] [warning] [resolve_binary.cc:46] is_regular_file check failed for for C:\Users\Firash\AppData\Local\trunk\tools\trufflehog\3.93.6-cf1a5ee81c4cba891cb0c9398625fa18/Scripts\python3 // 3:The system cannot find the path specified.
[2026-03-04 06:19:49.486] [global] [warning] [resolve_binary.cc:46] is_regular_file check failed for for C:\Users\Firash\AppData\Local\trunk\tools\trufflehog\3.93.6-cf1a5ee81c4cba891cb0c9398625fa18/Scripts\python3.exe // 3:The system cannot find the path specified.
[2026-03-04 06:19:49.486] [global] [warning] [resolve_binary.cc:46] is_regular_file check failed for for C:\Users\Firash\AppData\Local\trunk\tools\python\3.10.8-2211cb108575de2785d77a26a1f8d070/bin\python3.bat // 3:The system cannot find the path specified.
[2026-03-04 06:19:49.486] [global] [warning] [resolve_binary.cc:46] is_regular_file check failed for for C:\Users\Firash\AppData\Local\trunk\tools\python\3.10.8-2211cb108575de2785d77a26a1f8d070/bin\python3 // 3:The system cannot find the path specified.
[2026-03-04 06:19:49.486] [global] [warning] [resolve_binary.cc:46] is_regular_file check failed for for C:\Users\Firash\AppData\Local\trunk\tools\python\3.10.8-2211cb108575de2785d77a26a1f8d070/bin\python3.exe // 3:The system cannot find the path specified.
[2026-03-04 06:19:49.558] [global] [info] [cache.cc:1117] [monitor] [trufflehog:lint:.trunk\tmp\trunk\dao2b62\.trunk\tmp\trunk\s2zbl2j\src\components\sections\Hero.tsx... (2 files):HEAD] Linter ran in 3339ms
[2026-03-04 06:19:49.562] [global] [error] [cache.cc:884] [monitor] [trufflehog:lint:.trunk\tmp\trunk\dao2b62\.trunk\tmp\trunk\s2zbl2j\src\components\sections\Hero.tsx... (2 files):HEAD] Unable to read last_write_time on F:\585\elitepro\.trunk\tmp\trunk\dao2b62\.trunk\tmp\trunk\s2zbl2j\src\components\sections\Hero.tsx: The system cannot find the path specified.
[2026-03-04 06:19:49.827] [global] [warning] [resolve_binary.cc:46] is_regular_file check failed for for C:\Users\Firash\AppData\Local\trunk\tools\trufflehog\3.93.6-cf1a5ee81c4cba891cb0c9398625fa18/bin\python3.bat // 3:The system cannot find the path specified.
[2026-03-04 06:19:49.827] [global] [warning] [resolve_binary.cc:46] is_regular_file check failed for for C:\Users\Firash\AppData\Local\trunk\tools\trufflehog\3.93.6-cf1a5ee81c4cba891cb0c9398625fa18/bin\python3 // 3:The system cannot find the path specified.
[2026-03-04 06:19:49.827] [global] [warning] [resolve_binary.cc:46] is_regular_file check failed for for C:\Users\Firash\AppData\Local\trunk\tools\trufflehog\3.93.6-cf1a5ee81c4cba891cb0c9398625fa18/bin\python3.exe // 3:The system cannot find the path specified.
[2026-03-04 06:19:49.827] [global] [warning] [resolve_binary.cc:46] is_regular_file check failed for for C:\Users\Firash\AppData\Local\trunk\tools\trufflehog\3.93.6-cf1a5ee81c4cba891cb0c9398625fa18/Scripts\python3.bat // 3:The system cannot find the path specified.
[2026-03-04 06:19:49.827] [global] [warning] [resolve_binary.cc:46] is_regular_file check failed for for C:\Users\Firash\AppData\Local\trunk\tools\trufflehog\3.93.6-cf1a5ee81c4cba891cb0c9398625fa18/Scripts\python3 // 3:The system cannot find the path specified.
[2026-03-04 06:19:49.827] [global] [warning] [resolve_binary.cc:46] is_regular_file check failed for for C:\Users\Firash\AppData\Local\trunk\tools\trufflehog\3.93.6-cf1a5ee81c4cba891cb0c9398625fa18/Scripts\python3.exe // 3:The system cannot find the path specified.
[2026-03-04 06:19:49.827] [global] [warning] [resolve_binary.cc:46] is_regular_file check failed for for C:\Users\Firash\AppData\Local\trunk\tools\python\3.10.8-2211cb108575de2785d77a26a1f8d070/bin\python3.bat // 3:The system cannot find the path specified.
[2026-03-04 06:19:49.827] [global] [warning] [resolve_binary.cc:46] is_regular_file check failed for for C:\Users\Firash\AppData\Local\trunk\tools\python\3.10.8-2211cb108575de2785d77a26a1f8d070/bin\python3 // 3:The system cannot find the path specified.
[2026-03-04 06:19:49.827] [global] [warning] [resolve_binary.cc:46] is_regular_file check failed for for C:\Users\Firash\AppData\Local\trunk\tools\python\3.10.8-2211cb108575de2785d77a26a1f8d070/bin\python3.exe // 3:The system cannot find the path specified.
[2026-03-04 06:19:49.889] [global] [info] [cache.cc:1117] [monitor] [trufflehog:lint:.trunk\tmp\trunk\s2zbl2j\src\components\sections\Hero.tsx... (3 files):HEAD] Linter ran in 2375ms
[2026-03-04 06:19:49.896] [global] [error] [cache.cc:884] [monitor] [trufflehog:lint:.trunk\tmp\trunk\s2zbl2j\src\components\sections\Hero.tsx... (3 files):HEAD] Unable to read last_write_time on F:\585\elitepro\.trunk\tmp\trunk\s2zbl2j\src\components\sections\Hero.tsx: The system cannot find the path specified.
[2026-03-04 06:19:49.896] [global] [error] [cache.cc:884] [monitor] [trufflehog:lint:.trunk\tmp\trunk\s2zbl2j\src\components\sections\Hero.tsx... (3 files):HEAD] Unable to read last_write_time on F:\585\elitepro\.trunk\tmp\trunk\xmgrrxt\.trunk\tmp\trunk\dao2b62\.trunk\tmp\trunk\s2zbl2j\src\components\sections\Hero.tsx: The system cannot find the path specified.
[2026-03-04 06:19:50.322] [global] [warning] [resolve_binary.cc:46] is_regular_file check failed for for C:\Users\Firash\AppData\Local\trunk\tools\trufflehog\3.93.6-cf1a5ee81c4cba891cb0c9398625fa18/bin\python3.bat // 3:The system cannot find the path specified.
[2026-03-04 06:19:50.322] [global] [warning] [resolve_binary.cc:46] is_regular_file check failed for for C:\Users\Firash\AppData\Local\trunk\tools\trufflehog\3.93.6-cf1a5ee81c4cba891cb0c9398625fa18/bin\python3 // 3:The system cannot find the path specified.
[2026-03-04 06:19:50.322] [global] [warning] [resolve_binary.cc:46] is_regular_file check failed for for C:\Users\Firash\AppData\Local\trunk\tools\trufflehog\3.93.6-cf1a5ee81c4cba891cb0c9398625fa18/bin\python3.exe // 3:The system cannot find the path specified.
[2026-03-04 06:19:50.322] [global] [warning] [resolve_binary.cc:46] is_regular_file check failed for for C:\Users\Firash\AppData\Local\trunk\tools\trufflehog\3.93.6-cf1a5ee81c4cba891cb0c9398625fa18/Scripts\python3.bat // 3:The system cannot find the path specified.
[2026-03-04 06:19:50.322] [global] [warning] [resolve_binary.cc:46] is_regular_file check failed for for C:\Users\Firash\AppData\Local\trunk\tools\trufflehog\3.93.6-cf1a5ee81c4cba891cb0c9398625fa18/Scripts\python3 // 3:The system cannot find the path specified.
[2026-03-04 06:19:50.322] [global] [warning] [resolve_binary.cc:46] is_regular_file check failed for for C:\Users\Firash\AppData\Local\trunk\tools\trufflehog\3.93.6-cf1a5ee81c4cba891cb0c9398625fa18/Scripts\python3.exe // 3:The system cannot find the path specified.
[2026-03-04 06:19:50.322] [global] [warning] [resolve_binary.cc:46] is_regular_file check failed for for C:\Users\Firash\AppData\Local\trunk\tools\python\3.10.8-2211cb108575de2785d77a26a1f8d070/bin\python3.bat // 3:The system cannot find the path specified.
[2026-03-04 06:19:50.322] [global] [warning] [resolve_binary.cc:46] is_regular_file check failed for for C:\Users\Firash\AppData\Local\trunk\tools\python\3.10.8-2211cb108575de2785d77a26a1f8d070/bin\python3 // 3:The system cannot find the path specified.
[2026-03-04 06:19:50.322] [global] [warning] [resolve_binary.cc:46] is_regular_file check failed for for C:\Users\Firash\AppData\Local\trunk\tools\python\3.10.8-2211cb108575de2785d77a26a1f8d070/bin\python3.exe // 3:The system cannot find the path specified.
[2026-03-04 06:19:50.370] [global] [info] [cache.cc:1117] [monitor] [trufflehog:lint:.trunk\tmp\trunk\rj3nkuo\.trunk\tmp\trunk\s2zbl2j\src\components\sections\Hero.tsx... (5 files):HEAD] Linter ran in 2231ms
[2026-03-04 06:19:50.378] [global] [error] [cache.cc:884] [monitor] [trufflehog:lint:.trunk\tmp\trunk\rj3nkuo\.trunk\tmp\trunk\s2zbl2j\src\components\sections\Hero.tsx... (5 files):HEAD] Unable to read last_write_time on F:\585\elitepro\.trunk\tmp\trunk\rj3nkuo\.trunk\tmp\trunk\s2zbl2j\src\components\sections\Hero.tsx: The system cannot find the path specified.
[2026-03-04 06:19:50.378] [global] [error] [cache.cc:884] [monitor] [trufflehog:lint:.trunk\tmp\trunk\rj3nkuo\.trunk\tmp\trunk\s2zbl2j\src\components\sections\Hero.tsx... (5 files):HEAD] Unable to read last_write_time on F:\585\elitepro\.trunk\tmp\trunk\rj3nkuo\.trunk\tmp\trunk\xmgrrxt\.trunk\tmp\trunk\dao2b62\.trunk\tmp\trunk\s2zbl2j\src\components\sections\Hero.tsx: The system cannot find the path specified.
[2026-03-04 06:19:50.378] [global] [error] [cache.cc:884] [monitor] [trufflehog:lint:.trunk\tmp\trunk\rj3nkuo\.trunk\tmp\trunk\s2zbl2j\src\components\sections\Hero.tsx... (5 files):HEAD] Unable to read last_write_time on F:\585\elitepro\.trunk\tmp\trunk\rj3nkuo\src\components\sections\PersonalPerspectives.tsx: The system cannot find the path specified.
[2026-03-04 06:19:50.378] [global] [error] [cache.cc:884] [monitor] [trufflehog:lint:.trunk\tmp\trunk\rj3nkuo\.trunk\tmp\trunk\s2zbl2j\src\components\sections\Hero.tsx... (5 files):HEAD] Unable to read last_write_time on F:\585\elitepro\.trunk\tmp\trunk\s2zbl2j\src\components\sections\Hero.tsx: The system cannot find the path specified.
[2026-03-04 06:19:50.378] [global] [error] [cache.cc:884] [monitor] [trufflehog:lint:.trunk\tmp\trunk\rj3nkuo\.trunk\tmp\trunk\s2zbl2j\src\components\sections\Hero.tsx... (5 files):HEAD] Unable to read last_write_time on F:\585\elitepro\.trunk\tmp\trunk\xmgrrxt\.trunk\tmp\trunk\dao2b62\.trunk\tmp\trunk\s2zbl2j\src\components\sections\Hero.tsx: The system cannot find the path specified.
[2026-03-04 06:19:50.905] [global] [info] [git_source_control.cc:517] Computing merge base between 6a139687cedba4608bd48579f177e68c16f74ae9 and 6a139687cedba4608bd48579f177e68c16f74ae9
[2026-03-04 06:19:50.905] [global] [info] [git_source_control.cc:519] Resolved divergent commit as 6a139687cedba4608bd48579f177e68c16f74ae9
[2026-03-04 06:19:50.955] [global] [info] [cache.cc:974] [monitor] [trufflehog:lint:.trunk\tmp\trunk\uk4bvg3\.trunk\tmp\trunk\s4jnwnk\.trunk\tmp\trunk\rj3nkuo\.trunk\tmp\trunk\s2zbl2j\src\components\sections\Hero.tsx:HEAD] running linter (cache-key:d491f27be1a1364b2a70fa6d5a41e8fc)
[2026-03-04 06:19:50.955] [global] [info] [cache.cc:974] [monitor] [trufflehog:lint:.trunk\tmp\trunk\uk4bvg3\.trunk\tmp\trunk\s4jnwnk\.trunk\tmp\trunk\rj3nkuo\.trunk\tmp\trunk\xmgrrxt\.trunk\tmp\trunk\dao2b62\.trunk\tmp\trunk\s2zbl2j\src\components\sections\Hero.tsx:HEAD] running linter (cache-key:f4eb4052323af67bb191b6bc73644042)
[2026-03-04 06:19:50.955] [global] [info] [cache.cc:974] [monitor] [trufflehog:lint:.trunk\tmp\trunk\uk4bvg3\.trunk\tmp\trunk\s4jnwnk\.trunk\tmp\trunk\rj3nkuo\src\components\sections\PersonalPerspectives.tsx:HEAD] running linter (cache-key:996e314872b786aa6bc3252199c41196)
[2026-03-04 06:19:51.125] [global] [warning] [resolve_binary.cc:46] is_regular_file check failed for for C:\Users\Firash\AppData\Local\trunk\tools\trufflehog\3.93.6-cf1a5ee81c4cba891cb0c9398625fa18/bin\python3.bat // 3:The system cannot find the path specified.
[2026-03-04 06:19:51.125] [global] [warning] [resolve_binary.cc:46] is_regular_file check failed for for C:\Users\Firash\AppData\Local\trunk\tools\trufflehog\3.93.6-cf1a5ee81c4cba891cb0c9398625fa18/bin\python3 // 3:The system cannot find the path specified.
[2026-03-04 06:19:51.125] [global] [warning] [resolve_binary.cc:46] is_regular_file check failed for for C:\Users\Firash\AppData\Local\trunk\tools\trufflehog\3.93.6-cf1a5ee81c4cba891cb0c9398625fa18/bin\python3.exe // 3:The system cannot find the path specified.
[2026-03-04 06:19:51.125] [global] [warning] [resolve_binary.cc:46] is_regular_file check failed for for C:\Users\Firash\AppData\Local\trunk\tools\trufflehog\3.93.6-cf1a5ee81c4cba891cb0c9398625fa18/Scripts\python3.bat // 3:The system cannot find the path specified.
[2026-03-04 06:19:51.125] [global] [warning] [resolve_binary.cc:46] is_regular_file check failed for for C:\Users\Firash\AppData\Local\trunk\tools\trufflehog\3.93.6-cf1a5ee81c4cba891cb0c9398625fa18/Scripts\python3 // 3:The system cannot find the path specified.
[2026-03-04 06:19:51.125] [global] [warning] [resolve_binary.cc:46] is_regular_file check failed for for C:\Users\Firash\AppData\Local\trunk\tools\trufflehog\3.93.6-cf1a5ee81c4cba891cb0c9398625fa18/Scripts\python3.exe // 3:The system cannot find the path specified.
[2026-03-04 06:19:51.125] [global] [warning] [resolve_binary.cc:46] is_regular_file check failed for for C:\Users\Firash\AppData\Local\trunk\tools\python\3.10.8-2211cb108575de2785d77a26a1f8d070/bin\python3.bat // 3:The system cannot find the path specified.
[2026-03-04 06:19:51.125] [global] [warning] [resolve_binary.cc:46] is_regular_file check failed for for C:\Users\Firash\AppData\Local\trunk\tools\python\3.10.8-2211cb108575de2785d77a26a1f8d070/bin\python3 // 3:The system cannot find the path specified.
[2026-03-04 06:19:51.125] [global] [warning] [resolve_binary.cc:46] is_regular_file check failed for for C:\Users\Firash\AppData\Local\trunk\tools\python\3.10.8-2211cb108575de2785d77a26a1f8d070/bin\python3.exe // 3:The system cannot find the path specified.
[2026-03-04 06:19:51.174] [global] [info] [cache.cc:1117] [monitor] [trufflehog:lint:.trunk\tmp\trunk\rj3nkuo\.trunk\tmp\trunk\s2zbl2j\src\components\sections\Hero.tsx... (7 files):HEAD] Linter ran in 1825ms
[2026-03-04 06:19:51.184] [global] [error] [cache.cc:884] [monitor] [trufflehog:lint:.trunk\tmp\trunk\rj3nkuo\.trunk\tmp\trunk\s2zbl2j\src\components\sections\Hero.tsx... (7 files):HEAD] Unable to read last_write_time on F:\585\elitepro\.trunk\tmp\trunk\s4jnwnk\.trunk\tmp\trunk\rj3nkuo\.trunk\tmp\trunk\s2zbl2j\src\components\sections\Hero.tsx: The system cannot find the path specified.
[2026-03-04 06:19:51.184] [global] [error] [cache.cc:884] [monitor] [trufflehog:lint:.trunk\tmp\trunk\rj3nkuo\.trunk\tmp\trunk\s2zbl2j\src\components\sections\Hero.tsx... (7 files):HEAD] Unable to read last_write_time on F:\585\elitepro\.trunk\tmp\trunk\s4jnwnk\.trunk\tmp\trunk\rj3nkuo\.trunk\tmp\trunk\xmgrrxt\.trunk\tmp\trunk\dao2b62\.trunk\tmp\trunk\s2zbl2j\src\components\sections\Hero.tsx: The system cannot find the path specified.
[2026-03-04 06:19:51.184] [global] [error] [cache.cc:884] [monitor] [trufflehog:lint:.trunk\tmp\trunk\rj3nkuo\.trunk\tmp\trunk\s2zbl2j\src\components\sections\Hero.tsx... (7 files):HEAD] Unable to read last_write_time on F:\585\elitepro\.trunk\tmp\trunk\s4jnwnk\.trunk\tmp\trunk\rj3nkuo\src\components\sections\PersonalPerspectives.tsx: The system cannot find the path specified.
[2026-03-04 06:19:51.184] [global] [error] [cache.cc:884] [monitor] [trufflehog:lint:.trunk\tmp\trunk\rj3nkuo\.trunk\tmp\trunk\s2zbl2j\src\components\sections\Hero.tsx... (7 files):HEAD] Unable to read last_write_time on F:\585\elitepro\.trunk\tmp\trunk\rj3nkuo\.trunk\tmp\trunk\s2zbl2j\src\components\sections\Hero.tsx: The system cannot find the path specified.
[2026-03-04 06:19:51.184] [global] [error] [cache.cc:884] [monitor] [trufflehog:lint:.trunk\tmp\trunk\rj3nkuo\.trunk\tmp\trunk\s2zbl2j\src\components\sections\Hero.tsx... (7 files):HEAD] Unable to read last_write_time on F:\585\elitepro\.trunk\tmp\trunk\rj3nkuo\.trunk\tmp\trunk\xmgrrxt\.trunk\tmp\trunk\dao2b62\.trunk\tmp\trunk\s2zbl2j\src\components\sections\Hero.tsx: The system cannot find the path specified.
[2026-03-04 06:19:51.184] [global] [error] [cache.cc:884] [monitor] [trufflehog:lint:.trunk\tmp\trunk\rj3nkuo\.trunk\tmp\trunk\s2zbl2j\src\components\sections\Hero.tsx... (7 files):HEAD] Unable to read last_write_time on F:\585\elitepro\.trunk\tmp\trunk\rj3nkuo\src\components\sections\PersonalPerspectives.tsx: The system cannot find the path specified.
[2026-03-04 06:19:51.184] [global] [error] [cache.cc:884] [monitor] [trufflehog:lint:.trunk\tmp\trunk\rj3nkuo\.trunk\tmp\trunk\s2zbl2j\src\components\sections\Hero.tsx... (7 files):HEAD] Unable to read last_write_time on F:\585\elitepro\.trunk\tmp\trunk\xmgrrxt\.trunk\tmp\trunk\dao2b62\.trunk\tmp\trunk\s2zbl2j\src\components\sections\Hero.tsx: The system cannot find the path specified.
[2026-03-04 06:19:51.703] [global] [info] [git_source_control.cc:517] Computing merge base between 6a139687cedba4608bd48579f177e68c16f74ae9 and 6a139687cedba4608bd48579f177e68c16f74ae9
[2026-03-04 06:19:51.703] [global] [info] [git_source_control.cc:519] Resolved divergent commit as 6a139687cedba4608bd48579f177e68c16f74ae9
[2026-03-04 06:19:51.758] [global] [info] [cache.cc:974] [monitor] [trufflehog:lint:.trunk\tmp\trunk\dt5keq5\.trunk\tmp\trunk\uk4bvg3\.trunk\tmp\trunk\s4jnwnk\.trunk\tmp\trunk\rj3nkuo\.trunk\tmp\trunk\s2zbl2j\src\components\sections\Hero.tsx:HEAD] running linter (cache-key:df597832b094be45653061692fed6d7b)
[2026-03-04 06:19:51.758] [global] [info] [cache.cc:974] [monitor] [trufflehog:lint:.trunk\tmp\trunk\dt5keq5\.trunk\tmp\trunk\uk4bvg3\.trunk\tmp\trunk\s4jnwnk\.trunk\tmp\trunk\rj3nkuo\.trunk\tmp\trunk\xmgrrxt\.trunk\tmp\trunk\dao2b62\.trunk\tmp\trunk\s2zbl2j\src\components\sections\Hero.tsx:HEAD] running linter (cache-key:9cf004ec35bee1caea84387d83fe1530)
[2026-03-04 06:19:51.758] [global] [info] [cache.cc:974] [monitor] [trufflehog:lint:.trunk\tmp\trunk\dt5keq5\.trunk\tmp\trunk\uk4bvg3\.trunk\tmp\trunk\s4jnwnk\.trunk\tmp\trunk\rj3nkuo\src\components\sections\PersonalPerspectives.tsx:HEAD] running linter (cache-key:c9c2c05f81a57f6d759c960c07025371)
[2026-03-04 06:19:52.308] [global] [info] [git_source_control.cc:517] Computing merge base between 6a139687cedba4608bd48579f177e68c16f74ae9 and 6a139687cedba4608bd48579f177e68c16f74ae9
[2026-03-04 06:19:52.308] [global] [info] [git_source_control.cc:519] Resolved divergent commit as 6a139687cedba4608bd48579f177e68c16f74ae9
[2026-03-04 06:19:52.400] [global] [info] [cache.cc:959] [monitor] [trufflehog:lint:.trunk\tmp\trunk\dt5keq5\.trunk\tmp\trunk\uk4bvg3\.trunk\tmp\trunk\s4jnwnk\.trunk\tmp\trunk\rj3nkuo\.trunk\tmp\trunk\s2zbl2j\src\components\sections\Hero.tsx:HEAD] linting in progress, waiting (cache-key:df597832b094be45653061692fed6d7b)
[2026-03-04 06:19:52.400] [global] [info] [cache.cc:959] [monitor] [trufflehog:lint:.trunk\tmp\trunk\dt5keq5\.trunk\tmp\trunk\uk4bvg3\.trunk\tmp\trunk\s4jnwnk\.trunk\tmp\trunk\rj3nkuo\.trunk\tmp\trunk\xmgrrxt\.trunk\tmp\trunk\dao2b62\.trunk\tmp\trunk\s2zbl2j\src\components\sections\Hero.tsx:HEAD] linting in progress, waiting (cache-key:9cf004ec35bee1caea84387d83fe1530)
[2026-03-04 06:19:52.401] [global] [info] [cache.cc:959] [monitor] [trufflehog:lint:.trunk\tmp\trunk\dt5keq5\.trunk\tmp\trunk\uk4bvg3\.trunk\tmp\trunk\s4jnwnk\.trunk\tmp\trunk\rj3nkuo\src\components\sections\PersonalPerspectives.tsx:HEAD] linting in progress, waiting (cache-key:c9c2c05f81a57f6d759c960c07025371)
[2026-03-04 06:19:52.401] [global] [info] [cache.cc:974] [monitor] [trufflehog:lint:.trunk\tmp\trunk\socehao\.trunk\tmp\trunk\dt5keq5\.trunk\tmp\trunk\uk4bvg3\.trunk\tmp\trunk\s4jnwnk\.trunk\tmp\trunk\rj3nkuo\.trunk\tmp\trunk\s2zbl2j\src\components\sections\Hero.tsx:HEAD] running linter (cache-key:5c397c086f1ee8ee9ba0141e46d2840c)
[2026-03-04 06:19:52.401] [global] [info] [cache.cc:974] [monitor] [trufflehog:lint:.trunk\tmp\trunk\socehao\.trunk\tmp\trunk\dt5keq5\.trunk\tmp\trunk\uk4bvg3\.trunk\tmp\trunk\s4jnwnk\.trunk\tmp\trunk\rj3nkuo\.trunk\tmp\trunk\xmgrrxt\.trunk\tmp\trunk\dao2b62\.trunk\tmp\trunk\s2zbl2j\src\components\sections\Hero.tsx:HEAD] running linter (cache-key:d0aed34d74006f7b7a5f914120628774)
[2026-03-04 06:19:52.401] [global] [info] [cache.cc:974] [monitor] [trufflehog:lint:.trunk\tmp\trunk\socehao\.trunk\tmp\trunk\dt5keq5\.trunk\tmp\trunk\uk4bvg3\.trunk\tmp\trunk\s4jnwnk\.trunk\tmp\trunk\rj3nkuo\src\components\sections\PersonalPerspectives.tsx:HEAD] running linter (cache-key:7056c4783489b74d4c65a59dfbc4a431)
[2026-03-04 06:19:52.611] [global] [warning] [resolve_binary.cc:46] is_regular_file check failed for for C:\Users\Firash\AppData\Local\trunk\tools\trufflehog\3.93.6-cf1a5ee81c4cba891cb0c9398625fa18/bin\python3.bat // 3:The system cannot find the path specified.
[2026-03-04 06:19:52.612] [global] [warning] [resolve_binary.cc:46] is_regular_file check failed for for C:\Users\Firash\AppData\Local\trunk\tools\trufflehog\3.93.6-cf1a5ee81c4cba891cb0c9398625fa18/bin\python3 // 3:The system cannot find the path specified.
[2026-03-04 06:19:52.612] [global] [warning] [resolve_binary.cc:46] is_regular_file check failed for for C:\Users\Firash\AppData\Local\trunk\tools\trufflehog\3.93.6-cf1a5ee81c4cba891cb0c9398625fa18/bin\python3.exe // 3:The system cannot find the path specified.
[2026-03-04 06:19:52.612] [global] [warning] [resolve_binary.cc:46] is_regular_file check failed for for C:\Users\Firash\AppData\Local\trunk\tools\trufflehog\3.93.6-cf1a5ee81c4cba891cb0c9398625fa18/Scripts\python3.bat // 3:The system cannot find the path specified.
[2026-03-04 06:19:52.612] [global] [warning] [resolve_binary.cc:46] is_regular_file check failed for for C:\Users\Firash\AppData\Local\trunk\tools\trufflehog\3.93.6-cf1a5ee81c4cba891cb0c9398625fa18/Scripts\python3 // 3:The system cannot find the path specified.
[2026-03-04 06:19:52.612] [global] [warning] [resolve_binary.cc:46] is_regular_file check failed for for C:\Users\Firash\AppData\Local\trunk\tools\trufflehog\3.93.6-cf1a5ee81c4cba891cb0c9398625fa18/Scripts\python3.exe // 3:The system cannot find the path specified.
[2026-03-04 06:19:52.612] [global] [warning] [resolve_binary.cc:46] is_regular_file check failed for for C:\Users\Firash\AppData\Local\trunk\tools\python\3.10.8-2211cb108575de2785d77a26a1f8d070/bin\python3.bat // 3:The system cannot find the path specified.
[2026-03-04 06:19:52.612] [global] [warning] [resolve_binary.cc:46] is_regular_file check failed for for C:\Users\Firash\AppData\Local\trunk\tools\python\3.10.8-2211cb108575de2785d77a26a1f8d070/bin\python3 // 3:The system cannot find the path specified.
[2026-03-04 06:19:52.612] [global] [warning] [resolve_binary.cc:46] is_regular_file check failed for for C:\Users\Firash\AppData\Local\trunk\tools\python\3.10.8-2211cb108575de2785d77a26a1f8d070/bin\python3.exe // 3:The system cannot find the path specified.
[2026-03-04 06:19:52.660] [global] [info] [cache.cc:1117] [monitor] [trufflehog:lint:.trunk\tmp\trunk\uk4bvg3\.trunk\tmp\trunk\s4jnwnk\.trunk\tmp\trunk\rj3nkuo\.trunk\tmp\trunk\s2zbl2j\src\components\sections\Hero.tsx... (3 files):HEAD] Linter ran in 1695ms
[2026-03-04 06:19:52.667] [global] [info] [auto_delete_dir.cc:25] Error cleaning up auto delete directory: F:\585\elitepro\.trunk\tmp\trunk\dt5keq5\.trunk\tmp\trunk\uk4bvg3, message: The directory is not empty.
[2026-03-04 06:19:52.667] [global] [info] [auto_delete_dir.cc:25] Error cleaning up auto delete directory: F:\585\elitepro\.trunk\tmp\trunk\dt5keq5\.trunk\tmp\trunk, message: The directory is not empty.
[2026-03-04 06:19:52.667] [global] [info] [auto_delete_dir.cc:25] Error cleaning up auto delete directory: F:\585\elitepro\.trunk\tmp\trunk\dt5keq5\.trunk\tmp, message: The directory is not empty.
[2026-03-04 06:19:52.667] [global] [info] [auto_delete_dir.cc:25] Error cleaning up auto delete directory: F:\585\elitepro\.trunk\tmp\trunk\dt5keq5\.trunk, message: The directory is not empty.
[2026-03-04 06:19:52.668] [global] [info] [auto_delete_dir.cc:25] Error cleaning up auto delete directory: F:\585\elitepro\.trunk\tmp\trunk\dt5keq5, message: The directory is not empty.
[2026-03-04 06:19:52.669] [global] [error] [cache.cc:884] [monitor] [trufflehog:lint:.trunk\tmp\trunk\uk4bvg3\.trunk\tmp\trunk\s4jnwnk\.trunk\tmp\trunk\rj3nkuo\.trunk\tmp\trunk\s2zbl2j\src\components\sections\Hero.tsx... (3 files):HEAD] Unable to read last_write_time on F:\585\elitepro\.trunk\tmp\trunk\uk4bvg3\.trunk\tmp\trunk\s4jnwnk\.trunk\tmp\trunk\rj3nkuo\.trunk\tmp\trunk\s2zbl2j\src\components\sections\Hero.tsx: The system cannot find the path specified.
[2026-03-04 06:19:52.669] [global] [error] [cache.cc:884] [monitor] [trufflehog:lint:.trunk\tmp\trunk\uk4bvg3\.trunk\tmp\trunk\s4jnwnk\.trunk\tmp\trunk\rj3nkuo\.trunk\tmp\trunk\s2zbl2j\src\components\sections\Hero.tsx... (3 files):HEAD] Unable to read last_write_time on F:\585\elitepro\.trunk\tmp\trunk\uk4bvg3\.trunk\tmp\trunk\s4jnwnk\.trunk\tmp\trunk\rj3nkuo\.trunk\tmp\trunk\xmgrrxt\.trunk\tmp\trunk\dao2b62\.trunk\tmp\trunk\s2zbl2j\src\components\sections\Hero.tsx: The system cannot find the path specified.
[2026-03-04 06:19:52.669] [global] [error] [cache.cc:884] [monitor] [trufflehog:lint:.trunk\tmp\trunk\uk4bvg3\.trunk\tmp\trunk\s4jnwnk\.trunk\tmp\trunk\rj3nkuo\.trunk\tmp\trunk\s2zbl2j\src\components\sections\Hero.tsx... (3 files):HEAD] Unable to read last_write_time on F:\585\elitepro\.trunk\tmp\trunk\uk4bvg3\.trunk\tmp\trunk\s4jnwnk\.trunk\tmp\trunk\rj3nkuo\src\components\sections\PersonalPerspectives.tsx: The system cannot find the path specified.
[2026-03-04 06:19:53.183] [global] [info] [git_source_control.cc:517] Computing merge base between 6a139687cedba4608bd48579f177e68c16f74ae9 and 6a139687cedba4608bd48579f177e68c16f74ae9
[2026-03-04 06:19:53.184] [global] [info] [git_source_control.cc:519] Resolved divergent commit as 6a139687cedba4608bd48579f177e68c16f74ae9
[2026-03-04 06:19:53.229] [global] [info] [cache.cc:974] [monitor] [trufflehog:lint:.trunk\tmp\trunk\socehao\.trunk\tmp\trunk\dt5keq5\.trunk\tmp\trunk\uk4bvg3\.trunk\tmp\trunk\s4jnwnk\.trunk\tmp\trunk\rj3nkuo\.trunk\tmp\trunk\s2zbl2j\src\components\sections\Hero.tsx:HEAD] running linter (cache-key:5c397c086f1ee8ee9ba0141e46d2840c)
[2026-03-04 06:19:53.230] [global] [info] [cache.cc:974] [monitor] [trufflehog:lint:.trunk\tmp\trunk\socehao\.trunk\tmp\trunk\dt5keq5\.trunk\tmp\trunk\uk4bvg3\.trunk\tmp\trunk\s4jnwnk\.trunk\tmp\trunk\rj3nkuo\.trunk\tmp\trunk\xmgrrxt\.trunk\tmp\trunk\dao2b62\.trunk\tmp\trunk\s2zbl2j\src\components\sections\Hero.tsx:HEAD] running linter (cache-key:d0aed34d74006f7b7a5f914120628774)
[2026-03-04 06:19:53.230] [global] [info] [cache.cc:974] [monitor] [trufflehog:lint:.trunk\tmp\trunk\socehao\.trunk\tmp\trunk\dt5keq5\.trunk\tmp\trunk\uk4bvg3\.trunk\tmp\trunk\s4jnwnk\.trunk\tmp\trunk\rj3nkuo\src\components\sections\PersonalPerspectives.tsx:HEAD] running linter (cache-key:7056c4783489b74d4c65a59dfbc4a431)
[2026-03-04 06:19:53.765] [global] [info] [git_source_control.cc:517] Computing merge base between 6a139687cedba4608bd48579f177e68c16f74ae9 and 6a139687cedba4608bd48579f177e68c16f74ae9
[2026-03-04 06:19:53.765] [global] [info] [git_source_control.cc:519] Resolved divergent commit as 6a139687cedba4608bd48579f177e68c16f74ae9
[2026-03-04 06:19:53.812] [global] [info] [cache.cc:974] [monitor] [trufflehog:lint:.trunk\tmp\trunk\socehao\.trunk\tmp\trunk\dt5keq5\.trunk\tmp\trunk\uk4bvg3\.trunk\tmp\trunk\s4jnwnk\.trunk\tmp\trunk\rj3nkuo\.trunk\tmp\trunk\s2zbl2j\src\components\sections\Hero.tsx:HEAD] running linter (cache-key:5c397c086f1ee8ee9ba0141e46d2840c)
[2026-03-04 06:19:53.812] [global] [info] [cache.cc:974] [monitor] [trufflehog:lint:.trunk\tmp\trunk\socehao\.trunk\tmp\trunk\dt5keq5\.trunk\tmp\trunk\uk4bvg3\.trunk\tmp\trunk\s4jnwnk\.trunk\tmp\trunk\rj3nkuo\.trunk\tmp\trunk\xmgrrxt\.trunk\tmp\trunk\dao2b62\.trunk\tmp\trunk\s2zbl2j\src\components\sections\Hero.tsx:HEAD] running linter (cache-key:d0aed34d74006f7b7a5f914120628774)
[2026-03-04 06:19:53.812] [global] [info] [cache.cc:974] [monitor] [trufflehog:lint:.trunk\tmp\trunk\socehao\.trunk\tmp\trunk\dt5keq5\.trunk\tmp\trunk\uk4bvg3\.trunk\tmp\trunk\s4jnwnk\.trunk\tmp\trunk\rj3nkuo\src\components\sections\PersonalPerspectives.tsx:HEAD] running linter (cache-key:7056c4783489b74d4c65a59dfbc4a431)
[2026-03-04 06:19:54.339] [global] [info] [git_source_control.cc:517] Computing merge base between 6a139687cedba4608bd48579f177e68c16f74ae9 and 6a139687cedba4608bd48579f177e68c16f74ae9
[2026-03-04 06:19:54.339] [global] [info] [git_source_control.cc:519] Resolved divergent commit as 6a139687cedba4608bd48579f177e68c16f74ae9
[2026-03-04 06:19:54.389] [global] [info] [cache.cc:974] [monitor] [trufflehog:lint:.trunk\tmp\trunk\socehao\.trunk\tmp\trunk\dt5keq5\.trunk\tmp\trunk\uk4bvg3\.trunk\tmp\trunk\s4jnwnk\.trunk\tmp\trunk\rj3nkuo\.trunk\tmp\trunk\s2zbl2j\src\components\sections\Hero.tsx:HEAD] running linter (cache-key:5c397c086f1ee8ee9ba0141e46d2840c)
[2026-03-04 06:19:54.389] [global] [info] [cache.cc:974] [monitor] [trufflehog:lint:.trunk\tmp\trunk\socehao\.trunk\tmp\trunk\dt5keq5\.trunk\tmp\trunk\uk4bvg3\.trunk\tmp\trunk\s4jnwnk\.trunk\tmp\trunk\rj3nkuo\.trunk\tmp\trunk\xmgrrxt\.trunk\tmp\trunk\dao2b62\.trunk\tmp\trunk\s2zbl2j\src\components\sections\Hero.tsx:HEAD] running linter (cache-key:d0aed34d74006f7b7a5f914120628774)
[2026-03-04 06:19:54.389] [global] [info] [cache.cc:974] [monitor] [trufflehog:lint:.trunk\tmp\trunk\socehao\.trunk\tmp\trunk\dt5keq5\.trunk\tmp\trunk\uk4bvg3\.trunk\tmp\trunk\s4jnwnk\.trunk\tmp\trunk\rj3nkuo\src\components\sections\PersonalPerspectives.tsx:HEAD] running linter (cache-key:7056c4783489b74d4c65a59dfbc4a431)
[2026-03-04 06:19:54.411] [global] [info] [auto_delete_dir.cc:25] Error cleaning up auto delete directory: F:\585\elitepro\.trunk\tmp\trunk\mqp5phe\.trunk\tmp\trunk\socehao\.trunk, message: The directory is not empty.
[2026-03-04 06:19:54.411] [global] [info] [auto_delete_dir.cc:25] Error cleaning up auto delete directory: F:\585\elitepro\.trunk\tmp\trunk\mqp5phe\.trunk\tmp\trunk\socehao, message: The directory is not empty.
[2026-03-04 06:19:54.412] [global] [info] [auto_delete_dir.cc:25] Error cleaning up auto delete directory: F:\585\elitepro\.trunk\tmp\trunk\mqp5phe\.trunk\tmp\trunk, message: The directory is not empty.
[2026-03-04 06:19:54.412] [global] [info] [auto_delete_dir.cc:25] Error cleaning up auto delete directory: F:\585\elitepro\.trunk\tmp\trunk\mqp5phe\.trunk\tmp, message: The directory is not empty.
[2026-03-04 06:19:54.412] [global] [info] [auto_delete_dir.cc:25] Error cleaning up auto delete directory: F:\585\elitepro\.trunk\tmp\trunk\mqp5phe\.trunk, message: The directory is not empty.
[2026-03-04 06:19:54.412] [global] [info] [auto_delete_dir.cc:25] Error cleaning up auto delete directory: F:\585\elitepro\.trunk\tmp\trunk\mqp5phe, message: The directory is not empty.
[2026-03-04 06:19:54.414] [global] [info] [auto_delete_dir.cc:25] Error cleaning up auto delete directory: F:\585\elitepro\.trunk\tmp\trunk\mqp5phe\.trunk, message: The directory is not empty.
[2026-03-04 06:19:54.414] [global] [info] [auto_delete_dir.cc:25] Error cleaning up auto delete directory: F:\585\elitepro\.trunk\tmp\trunk\mqp5phe, message: The directory is not empty.
[2026-03-04 06:19:54.655] [global] [warning] [resolve_binary.cc:46] is_regular_file check failed for for C:\Users\Firash\AppData\Local\trunk\tools\trufflehog\3.93.6-cf1a5ee81c4cba891cb0c9398625fa18/bin\python3.bat // 3:The system cannot find the path specified.
[2026-03-04 06:19:54.655] [global] [warning] [resolve_binary.cc:46] is_regular_file check failed for for C:\Users\Firash\AppData\Local\trunk\tools\trufflehog\3.93.6-cf1a5ee81c4cba891cb0c9398625fa18/bin\python3 // 3:The system cannot find the path specified.
[2026-03-04 06:19:54.655] [global] [warning] [resolve_binary.cc:46] is_regular_file check failed for for C:\Users\Firash\AppData\Local\trunk\tools\trufflehog\3.93.6-cf1a5ee81c4cba891cb0c9398625fa18/bin\python3.exe // 3:The system cannot find the path specified.
[2026-03-04 06:19:54.656] [global] [warning] [resolve_binary.cc:46] is_regular_file check failed for for C:\Users\Firash\AppData\Local\trunk\tools\trufflehog\3.93.6-cf1a5ee81c4cba891cb0c9398625fa18/Scripts\python3.bat // 3:The system cannot find the path specified.
[2026-03-04 06:19:54.656] [global] [warning] [resolve_binary.cc:46] is_regular_file check failed for for C:\Users\Firash\AppData\Local\trunk\tools\trufflehog\3.93.6-cf1a5ee81c4cba891cb0c9398625fa18/Scripts\python3 // 3:The system cannot find the path specified.
[2026-03-04 06:19:54.656] [global] [warning] [resolve_binary.cc:46] is_regular_file check failed for for C:\Users\Firash\AppData\Local\trunk\tools\trufflehog\3.93.6-cf1a5ee81c4cba891cb0c9398625fa18/Scripts\python3.exe // 3:The system cannot find the path specified.
[2026-03-04 06:19:54.656] [global] [warning] [resolve_binary.cc:46] is_regular_file check failed for for C:\Users\Firash\AppData\Local\trunk\tools\python\3.10.8-2211cb108575de2785d77a26a1f8d070/bin\python3.bat // 3:The system cannot find the path specified.
[2026-03-04 06:19:54.656] [global] [warning] [resolve_binary.cc:46] is_regular_file check failed for for C:\Users\Firash\AppData\Local\trunk\tools\python\3.10.8-2211cb108575de2785d77a26a1f8d070/bin\python3 // 3:The system cannot find the path specified.
[2026-03-04 06:19:54.656] [global] [warning] [resolve_binary.cc:46] is_regular_file check failed for for C:\Users\Firash\AppData\Local\trunk\tools\python\3.10.8-2211cb108575de2785d77a26a1f8d070/bin\python3.exe // 3:The system cannot find the path specified.
[2026-03-04 06:19:54.696] [global] [info] [cache.cc:1117] [monitor] [trufflehog:lint:.trunk\tmp\trunk\dt5keq5\.trunk\tmp\trunk\uk4bvg3\.trunk\tmp\trunk\s4jnwnk\.trunk\tmp\trunk\rj3nkuo\.trunk\tmp\trunk\s2zbl2j\src\components\sections\Hero.tsx... (3 files):HEAD] Linter ran in 2927ms
[2026-03-04 06:19:54.700] [global] [error] [cache.cc:884] [monitor] [trufflehog:lint:.trunk\tmp\trunk\dt5keq5\.trunk\tmp\trunk\uk4bvg3\.trunk\tmp\trunk\s4jnwnk\.trunk\tmp\trunk\rj3nkuo\.trunk\tmp\trunk\s2zbl2j\src\components\sections\Hero.tsx... (3 files):HEAD] Unable to read last_write_time on F:\585\elitepro\.trunk\tmp\trunk\dt5keq5\.trunk\tmp\trunk\uk4bvg3\.trunk\tmp\trunk\s4jnwnk\.trunk\tmp\trunk\rj3nkuo\.trunk\tmp\trunk\s2zbl2j\src\components\sections\Hero.tsx: The system cannot find the path specified.
[2026-03-04 06:19:54.700] [global] [error] [cache.cc:884] [monitor] [trufflehog:lint:.trunk\tmp\trunk\dt5keq5\.trunk\tmp\trunk\uk4bvg3\.trunk\tmp\trunk\s4jnwnk\.trunk\tmp\trunk\rj3nkuo\.trunk\tmp\trunk\s2zbl2j\src\components\sections\Hero.tsx... (3 files):HEAD] Unable to read last_write_time on F:\585\elitepro\.trunk\tmp\trunk\dt5keq5\.trunk\tmp\trunk\uk4bvg3\.trunk\tmp\trunk\s4jnwnk\.trunk\tmp\trunk\rj3nkuo\.trunk\tmp\trunk\xmgrrxt\.trunk\tmp\trunk\dao2b62\.trunk\tmp\trunk\s2zbl2j\src\components\sections\Hero.tsx: The system cannot find the path specified.
[2026-03-04 06:19:54.700] [global] [error] [cache.cc:884] [monitor] [trufflehog:lint:.trunk\tmp\trunk\dt5keq5\.trunk\tmp\trunk\uk4bvg3\.trunk\tmp\trunk\s4jnwnk\.trunk\tmp\trunk\rj3nkuo\.trunk\tmp\trunk\s2zbl2j\src\components\sections\Hero.tsx... (3 files):HEAD] Unable to read last_write_time on F:\585\elitepro\.trunk\tmp\trunk\dt5keq5\.trunk\tmp\trunk\uk4bvg3\.trunk\tmp\trunk\s4jnwnk\.trunk\tmp\trunk\rj3nkuo\src\components\sections\PersonalPerspectives.tsx: The system cannot find the path specified.
[2026-03-04 06:19:55.226] [global] [info] [git_source_control.cc:517] Computing merge base between 6a139687cedba4608bd48579f177e68c16f74ae9 and 6a139687cedba4608bd48579f177e68c16f74ae9
[2026-03-04 06:19:55.226] [global] [info] [git_source_control.cc:519] Resolved divergent commit as 6a139687cedba4608bd48579f177e68c16f74ae9
[2026-03-04 06:19:57.443] [global] [info] [git_source_control.cc:517] Computing merge base between 6a139687cedba4608bd48579f177e68c16f74ae9 and 6a139687cedba4608bd48579f177e68c16f74ae9
[2026-03-04 06:19:57.443] [global] [info] [git_source_control.cc:519] Resolved divergent commit as 6a139687cedba4608bd48579f177e68c16f74ae9
